[Game/render_thread] Rendering frame, player@['0.000000', '0.000000']. FPS: inf
[Physics Thread] Player ticked. pos=0.00,0.00, yvel=0.00, TPS: 4587.16
[Physics Thread] Player ticked. pos=0.19,0.00, yvel=0.00, TPS: 47.89
[Game/render_thread] Rendering frame, player@['0.189909', '0.000000']. FPS: 37.555864
[Physics Thread] Player ticked. pos=0.38,0.00, yvel=0.00, TPS: 47.86
[Game/render_thread] Rendering frame, player@['0.377955', '0.000000']. FPS: 59.630292
[Game/render_thread] Rendering frame, player@['0.377955', '0.000000']. FPS: 60.182956
[Physics Thread] Player ticked. pos=0.57,0.00, yvel=0.00, TPS: 47.96
[Game/render_thread] Rendering frame, player@['0.565596', '0.000000']. FPS: 62.964362
[Physics Thread] Player ticked. pos=0.75,0.00, yvel=0.00, TPS: 47.92
[Game/render_thread] Rendering frame, player@['0.753408', '0.000000']. FPS: 59.616072
[Physics Thread] Player ticked. pos=0.94,0.00, yvel=0.00, TPS: 47.90
[Game/render_thread] Rendering frame, player@['0.941319', '0.000000']. FPS: 60.002400
[Physics Thread] Player ticked. pos=1.13,0.00, yvel=0.00, TPS: 47.96
[Game/render_thread] Rendering frame, player@['1.128978', '0.000000']. FPS: 60.284543
[Game/render_thread] Rendering frame, player@['1.128978', '0.000000']. FPS: 60.455837
[Physics Thread] Player ticked. pos=1.32,0.00, yvel=0.00, TPS: 47.93
[Game/render_thread] Rendering frame, player@['1.316754', '0.000000']. FPS: 62.597809
[Physics Thread] Player ticked. pos=1.50,0.00, yvel=0.00, TPS: 47.90
[Game/render_thread] Rendering frame, player@['1.504647', '0.000000']. FPS: 60.277275
[Physics Thread] Player ticked. pos=1.69,0.00, yvel=0.00, TPS: 47.95
[Game/render_thread] Rendering frame, player@['1.692333', '0.000000']. FPS: 59.808612
[Game/render_thread] Rendering frame, player@['1.692333', '0.000000']. FPS: 60.161232
[Physics Thread] Player ticked. pos=1.88,0.00, yvel=0.00, TPS: 47.97
[Game/render_thread] Rendering frame, player@['1.879956', '0.000000']. FPS: 62.515629
[Physics Thread] Player ticked. pos=2.07,0.00, yvel=0.00, TPS: 47.95
[Game/render_thread] Rendering frame, player@['2.067669', '0.000000']. FPS: 59.826503
[Physics Thread] Player ticked. pos=2.25,0.00, yvel=0.00, TPS: 48.94
[Game/render_thread] Rendering frame, player@['2.251575', '0.000000']. FPS: 60.255483
[Physics Thread] Player ticked. pos=2.44,0.00, yvel=0.00, TPS: 47.94
[Game/render_thread] Rendering frame, player@['2.439324', '0.000000']. FPS: 59.844405
[Game/render_thread] Rendering frame, player@['2.439324', '0.000000']. FPS: 57.563896
[Physics Thread] Player ticked. pos=2.63,0.00, yvel=0.00, TPS: 47.86
[Game/render_thread] Rendering frame, player@['2.627379', '0.000000']. FPS: 60.375536
[Physics Thread] Player ticked. pos=2.82,0.00, yvel=0.00, TPS: 47.95
[Game/render_thread] Rendering frame, player@['2.815056', '0.000000']. FPS: 63.271117
[Physics Thread] Player ticked. pos=2.97,0.00, yvel=0.00, TPS: 56.44
[Game/render_thread] Rendering frame, player@['2.974518', '0.000000']. FPS: 59.898173
[Physics Thread] Player ticked. pos=3.14,0.00, yvel=0.00, TPS: 52.99
[Game/render_thread] Rendering frame, player@['3.144366', '0.000000']. FPS: 68.296681
[Physics Thread] Player ticked. pos=3.33,0.00, yvel=0.00, TPS: 47.96
[Game/render_thread] Rendering frame, player@['3.332025', '0.000000']. FPS: 68.208171
[Game/render_thread] Rendering frame, player@['3.332025', '0.000000']. FPS: 60.153994
[Physics Thread] Player ticked. pos=3.52,0.00, yvel=0.00, TPS: 47.95
[Game/render_thread] Rendering frame, player@['3.519729', '0.000000']. FPS: 63.259109
[Physics Thread] Player ticked. pos=3.71,0.00, yvel=0.00, TPS: 47.86
[Game/render_thread] Rendering frame, player@['3.707766', '0.000000']. FPS: 59.687239
[Physics Thread] Player ticked. pos=3.90,0.00, yvel=0.00, TPS: 47.95
[Game/render_thread] Rendering frame, player@['3.895461', '0.000000']. FPS: 60.415660
[Game/render_thread] Rendering frame, player@['3.895461', '0.000000']. FPS: 60.262746
[Physics Thread] Player ticked. pos=4.07,0.00, yvel=0.00, TPS: 50.62
[Game/render_thread] Rendering frame, player@['4.073265', '0.000000']. FPS: 59.787158
[Physics Thread] Player ticked. pos=4.22,0.00, yvel=0.00, TPS: 59.54
[Game/render_thread] Rendering frame, player@['4.224420', '0.000000']. FPS: 61.846744
[Physics Thread] Player ticked. pos=4.41,0.00, yvel=0.00, TPS: 49.36
[Game/render_thread] Rendering frame, player@['4.406742', '0.000000']. FPS: 62.676277
[Physics Thread] Player ticked. pos=4.59,0.00, yvel=0.00, TPS: 47.96
[Game/render_thread] Rendering frame, player@['4.594392', '0.000000']. FPS: 60.244593
[Physics Thread] Player ticked. pos=4.78,0.00, yvel=0.00, TPS: 47.96
[Game/render_thread] Rendering frame, player@['4.782060', '0.000000']. FPS: 60.006001
[Game/render_thread] Rendering frame, player@['4.782060', '0.000000']. FPS: 59.287366
[Physics Thread] Player ticked. pos=4.97,0.00, yvel=0.00, TPS: 47.50
[Game/render_thread] Rendering frame, player@['4.971519', '0.000000']. FPS: 62.897038
[Physics Thread] Player ticked. pos=5.16,0.00, yvel=0.00, TPS: 47.96
[Game/render_thread] Rendering frame, player@['5.159160', '0.000000']. FPS: 60.437568
[Physics Thread] Player ticked. pos=5.35,0.00, yvel=0.00, TPS: 47.94
[Game/render_thread] Rendering frame, player@['5.346882', '0.000000']. FPS: 63.791784
[Physics Thread] Player ticked. pos=5.54,0.00, yvel=0.00, TPS: 47.82
[Game/render_thread] Rendering frame, player@['5.535072', '0.000000']. FPS: 59.862317
[Game/render_thread] Rendering frame, player@['5.535072', '0.000000']. FPS: 60.335465
[Physics Thread] Player ticked. pos=5.72,0.00, yvel=0.00, TPS: 47.92
[Game/render_thread] Rendering frame, player@['5.722902', '0.000000']. FPS: 63.111392
[Physics Thread] Player ticked. pos=5.90,0.00, yvel=0.00, TPS: 52.13
[Game/render_thread] Rendering frame, player@['5.895549', '0.000000']. FPS: 60.038425
[Physics Thread] Player ticked. pos=6.07,0.00, yvel=0.00, TPS: 53.04
[Game/render_thread] Rendering frame, player@['6.065235', '0.000000']. FPS: 68.129173
[Physics Thread] Player ticked. pos=6.24,0.00, yvel=0.00, TPS: 51.76
[Game/render_thread] Rendering frame, player@['6.239115', '0.000000']. FPS: 59.844405
[Game/render_thread] Rendering frame, player@['6.239115', '0.000000']. FPS: 71.204785
[Physics Thread] Player ticked. pos=6.43,0.00, yvel=0.00, TPS: 47.96
[Game/render_thread] Rendering frame, player@['6.426774', '0.000000']. FPS: 62.988158
[Physics Thread] Player ticked. pos=6.61,0.00, yvel=0.00, TPS: 47.94
[Game/render_thread] Rendering frame, player@['6.614505', '0.000000']. FPS: 59.217149
[Physics Thread] Player ticked. pos=6.80,0.00, yvel=0.00, TPS: 47.92
[Game/render_thread] Rendering frame, player@['6.802317', '0.000000']. FPS: 69.362558
[Game/render_thread] Rendering frame, player@['6.802317', '0.000000']. FPS: 66.613376
[Physics Thread] Player ticked. pos=6.96,0.00, yvel=0.00, TPS: 57.87
[Game/render_thread] Rendering frame, player@['6.957828', '0.000000']. FPS: 60.540017
[Physics Thread] Player ticked. pos=7.15,0.00, yvel=0.00, TPS: 47.91
[Game/render_thread] Rendering frame, player@['7.145685', '0.000000']. FPS: 62.472668
[Physics Thread] Player ticked. pos=7.33,0.00, yvel=0.00, TPS: 47.86
[Game/render_thread] Rendering frame, player@['7.333749', '0.000000']. FPS: 60.357315
[Physics Thread] Player ticked. pos=7.49,0.00, yvel=0.00, TPS: 58.59
[Game/render_thread] Rendering frame, player@['7.487352', '0.000000']. FPS: 60.698027
[Physics Thread] Player ticked. pos=7.67,0.00, yvel=0.00, TPS: 47.97
[Game/render_thread] Rendering frame, player@['7.674984', '0.000000']. FPS: 60.923602
[Game/render_thread] Rendering frame, player@['7.674984', '0.000000']. FPS: 60.230079
[Physics Thread] Player ticked. pos=7.86,0.00, yvel=0.00, TPS: 47.96
[Game/render_thread] Rendering frame, player@['7.862634', '0.000000']. FPS: 62.609567
[Physics Thread] Player ticked. pos=8.05,0.00, yvel=0.00, TPS: 47.96
[Game/render_thread] Rendering frame, player@['8.050293', '0.000000']. FPS: 60.845756
[Physics Thread] Player ticked. pos=8.24,0.00, yvel=0.00, TPS: 47.96
[Game/render_thread] Rendering frame, player@['8.237934', '0.000000']. FPS: 60.849458
[Physics Thread] Player ticked. pos=8.43,0.00, yvel=0.00, TPS: 47.93
[Game/render_thread] Rendering frame, player@['8.425710', '0.000000']. FPS: 60.401063
[Game/render_thread] Rendering frame, player@['8.425710', '0.000000']. FPS: 60.672249
[Physics Thread] Player ticked. pos=8.61,0.00, yvel=0.00, TPS: 47.89
[Game/render_thread] Rendering frame, player@['8.613657', '0.000000']. FPS: 63.195147
[Physics Thread] Player ticked. pos=8.78,0.00, yvel=0.00, TPS: 53.89
[Game/render_thread] Rendering frame, player@['8.780679', '0.000000']. FPS: 60.875388
[Physics Thread] Player ticked. pos=8.95,0.00, yvel=0.00, TPS: 53.01
[Game/render_thread] Rendering frame, player@['8.950464', '0.000000']. FPS: 60.024010
[Physics Thread] Player ticked. pos=9.14,0.00, yvel=0.00, TPS: 47.95
[Game/render_thread] Rendering frame, player@['9.138168', '0.000000']. FPS: 60.897631
[Game/render_thread] Rendering frame, player@['9.138168', '0.000000']. FPS: 61.199510
[Physics Thread] Player ticked. pos=9.32,0.00, yvel=0.00, TPS: 50.30
[Game/render_thread] Rendering frame, player@['9.317088', '0.000000']. FPS: 61.285776
[Physics Thread] Player ticked. pos=9.49,0.00, yvel=0.00, TPS: 53.31
[Game/render_thread] Rendering frame, player@['9.485919', '0.000000']. FPS: 62.723452
[Physics Thread] Player ticked. pos=9.67,0.00, yvel=0.00, TPS: 47.89
[Game/render_thread] Rendering frame, player@['9.673839', '0.000000']. FPS: 60.864273
[Physics Thread] Player ticked. pos=9.82,0.00, yvel=0.00, TPS: 59.81
[Game/render_thread] Rendering frame, player@['9.824319', '0.000000']. FPS: 71.849404
[Physics Thread] Player ticked. pos=10.01,0.00, yvel=0.00, TPS: 47.96
[Game/render_thread] Rendering frame, player@['10.011978', '0.000000']. FPS: 61.349693
[Game/render_thread] Rendering frame, player@['10.011978', '0.000000']. FPS: 66.396654
[Physics Thread] Player ticked. pos=10.20,0.00, yvel=0.00, TPS: 47.93
[Game/render_thread] Rendering frame, player@['10.199745', '0.000000']. FPS: 62.621329
[Physics Thread] Player ticked. pos=10.39,0.00, yvel=0.00, TPS: 47.90
[Game/render_thread] Rendering frame, player@['10.387620', '0.000000']. FPS: 61.576355
[Physics Thread] Player ticked. pos=10.58,0.00, yvel=0.00, TPS: 47.96
[Game/render_thread] Rendering frame, player@['10.575279', '0.000000']. FPS: 61.538462
[Game/render_thread] Rendering frame, player@['10.575279', '0.000000']. FPS: 61.515748
[Physics Thread] Player ticked. pos=10.76,0.00, yvel=0.00, TPS: 48.69
[Game/render_thread] Rendering frame, player@['10.760121', '0.000000']. FPS: 62.189055
[Physics Thread] Player ticked. pos=10.95,0.00, yvel=0.00, TPS: 47.94
[Game/render_thread] Rendering frame, player@['10.947843', '0.000000']. FPS: 60.938452
[Physics Thread] Player ticked. pos=11.14,0.00, yvel=0.00, TPS: 47.96
[Game/render_thread] Rendering frame, player@['11.135484', '0.000000']. FPS: 61.736017
[Physics Thread] Player ticked. pos=11.32,0.00, yvel=0.00, TPS: 47.92
[Game/render_thread] Rendering frame, player@['11.323314', '0.000000']. FPS: 64.020487
[Game/render_thread] Rendering frame, player@['11.323314', '0.000000']. FPS: 61.364752
[Physics Thread] Player ticked. pos=11.51,0.00, yvel=0.00, TPS: 47.85
[Game/render_thread] Rendering frame, player@['11.511387', '0.000000']. FPS: 62.802236
[Physics Thread] Player ticked. pos=11.70,0.00, yvel=0.00, TPS: 47.96
[Game/render_thread] Rendering frame, player@['11.699037', '0.000000']. FPS: 61.854395
[Physics Thread] Player ticked. pos=11.89,0.00, yvel=0.00, TPS: 47.94
[Game/render_thread] Rendering frame, player@['11.886777', '0.000000']. FPS: 61.980910
[Game/render_thread] Rendering frame, player@['11.886777', '0.000000']. FPS: 60.580360
[Physics Thread] Player ticked. pos=12.07,0.00, yvel=0.00, TPS: 48.45
[Game/render_thread] Rendering frame, player@['12.072537', '0.000000']. FPS: 62.794349
[Physics Thread] Player ticked. pos=12.24,0.00, yvel=0.00, TPS: 52.73
[Game/render_thread] Rendering frame, player@['12.243222', '0.000000']. FPS: 61.743640
[Physics Thread] Player ticked. pos=12.40,0.00, yvel=0.00, TPS: 57.90
[Game/render_thread] Rendering frame, player@['12.398652', '0.000000']. FPS: 61.919505
[Physics Thread] Player ticked. pos=12.59,0.00, yvel=0.00, TPS: 47.92
[Game/render_thread] Rendering frame, player@['12.586446', '0.000000']. FPS: 61.334642
[Physics Thread] Player ticked. pos=12.77,0.00, yvel=0.00, TPS: 47.91
[Game/render_thread] Rendering frame, player@['12.774303', '0.000000']. FPS: 62.107944
[Game/render_thread] Rendering frame, player@['12.774303', '0.000000']. FPS: 61.606703
[Physics Thread] Player ticked. pos=12.93,0.00, yvel=0.00, TPS: 59.53
[Game/render_thread] Rendering frame, player@['12.925494', '0.000000']. FPS: 62.046287
[Physics Thread] Player ticked. pos=13.11,0.00, yvel=0.00, TPS: 47.93
[Game/render_thread] Rendering frame, player@['13.113279', '0.000000']. FPS: 61.697927
[Physics Thread] Player ticked. pos=13.30,0.00, yvel=0.00, TPS: 47.90
[Game/render_thread] Rendering frame, player@['13.301172', '0.000000']. FPS: 61.747453
[Physics Thread] Player ticked. pos=13.49,0.00, yvel=0.00, TPS: 47.96
[Game/render_thread] Rendering frame, player@['13.488831', '0.000000']. FPS: 62.077100
[Game/render_thread] Rendering frame, player@['13.488831', '0.000000']. FPS: 61.977068
[Physics Thread] Player ticked. pos=13.68,0.00, yvel=0.00, TPS: 47.96
[Game/render_thread] Rendering frame, player@['13.676472', '0.000000']. FPS: 61.132168
[Physics Thread] Player ticked. pos=13.86,0.00, yvel=0.00, TPS: 47.95
[Game/render_thread] Rendering frame, player@['13.864176', '0.000000']. FPS: 61.873531
[Physics Thread] Player ticked. pos=14.05,0.00, yvel=0.00, TPS: 47.97
[Game/render_thread] Rendering frame, player@['14.051808', '0.000000']. FPS: 62.046287
[Game/render_thread] Rendering frame, player@['14.051808', '0.000000']. FPS: 61.865875
[Physics Thread] Player ticked. pos=14.24,0.00, yvel=0.00, TPS: 47.71
[Game/render_thread] Rendering frame, player@['14.240457', '0.000000']. FPS: 61.214496
[Physics Thread] Player ticked. pos=14.43,0.00, yvel=0.00, TPS: 47.93
[Game/render_thread] Rendering frame, player@['14.428215', '0.000000']. FPS: 61.758893
[Physics Thread] Player ticked. pos=14.58,0.00, yvel=0.00, TPS: 57.56
[Game/render_thread] Rendering frame, player@['14.584563', '0.000000']. FPS: 68.254727
[Physics Thread] Player ticked. pos=14.77,0.00, yvel=0.00, TPS: 47.97
[Game/render_thread] Rendering frame, player@['14.772177', '0.000000']. FPS: 58.840836
[Physics Thread] Player ticked. pos=14.96,0.00, yvel=0.00, TPS: 47.92
[Game/render_thread] Rendering frame, player@['14.959980', '0.000000']. FPS: 56.126172
[Game/render_thread] Rendering frame, player@['14.959980', '0.000000']. FPS: 57.146123
[Physics Thread] Player ticked. pos=15.15,0.00, yvel=0.00, TPS: 47.92
[Game/render_thread] Rendering frame, player@['15.147810', '0.000000']. FPS: 62.877264
[Physics Thread] Player ticked. pos=15.34,0.00, yvel=0.00, TPS: 47.95
something_got_activated is False
[Game/render_thread] Rendering frame, player@['15.335487', '0.000000']. FPS: 57.296740
[Physics Thread] Player ticked. pos=15.52,0.33, yvel=16.00, TPS: 47.93
[Game/render_thread] Rendering frame, player@['15.523254', '0.333808']. FPS: 56.223996
[Physics Thread] Player ticked. pos=15.71,0.65, yvel=14.96, TPS: 47.86
[Game/render_thread] Rendering frame, player@['15.711291', '0.646270']. FPS: 53.691275
[Physics Thread] Player ticked. pos=15.90,0.94, yvel=13.91, TPS: 47.95
[Game/render_thread] Rendering frame, player@['15.898968', '0.936392']. FPS: 53.873505
[Game/render_thread] Rendering frame, player@['15.898968', '0.936392']. FPS: 55.856560
[Physics Thread] Player ticked. pos=16.09,1.21, yvel=12.86, TPS: 47.70
[Game/render_thread] Rendering frame, player@['16.087644', '1.206083']. FPS: 50.709939
[Physics Thread] Player ticked. pos=16.28,1.45, yvel=11.82, TPS: 47.80
[Game/render_thread] Rendering frame, player@['16.275933', '1.453337']. FPS: 62.258747
[Physics Thread] Player ticked. pos=16.46,1.68, yvel=10.78, TPS: 47.97
[Game/render_thread] Rendering frame, player@['16.463556', '1.677986']. FPS: 50.037528
[Physics Thread] Player ticked. pos=16.65,1.88, yvel=9.73, TPS: 47.93
[Game/render_thread] Rendering frame, player@['16.651341', '1.881062']. FPS: 47.966232
[Physics Thread] Player ticked. pos=16.84,2.06, yvel=8.69, TPS: 47.95
[Game/render_thread] Rendering frame, player@['16.839018', '2.062279']. FPS: 50.007501
[Physics Thread] Player ticked. pos=17.03,2.22, yvel=7.65, TPS: 47.96
[Game/render_thread] Rendering frame, player@['17.026677', '2.221740']. FPS: 51.305731
[Physics Thread] Player ticked. pos=17.21,2.36, yvel=6.60, TPS: 47.93
[Game/render_thread] Rendering frame, player@['17.214444', '2.359530']. FPS: 50.175615
[Physics Thread] Player ticked. pos=17.40,2.48, yvel=5.56, TPS: 47.90
[Game/render_thread] Rendering frame, player@['17.402346', '2.475624']. FPS: 52.118622
[Physics Thread] Player ticked. pos=17.59,2.57, yvel=4.52, TPS: 47.96
[Game/render_thread] Rendering frame, player@['17.589996', '2.569826']. FPS: 56.731151
[Physics Thread] Player ticked. pos=17.78,2.64, yvel=3.47, TPS: 47.92
[Game/render_thread] Rendering frame, player@['17.777817', '2.642339']. FPS: 52.224775
[Physics Thread] Player ticked. pos=17.97,2.69, yvel=2.43, TPS: 47.85
[Game/render_thread] Rendering frame, player@['17.965890', '2.693114']. FPS: 56.284122
[Game/render_thread] Rendering frame, player@['17.965890', '2.693114']. FPS: 52.966102
[Physics Thread] Player ticked. pos=18.14,2.72, yvel=1.44, TPS: 50.29
[Game/render_thread] Rendering frame, player@['18.144864', '2.721661']. FPS: 53.786575
[Physics Thread] Player ticked. pos=18.33,2.73, yvel=0.39, TPS: 47.96
[Game/render_thread] Rendering frame, player@['18.332514', '2.729855']. FPS: 62.053987
[Physics Thread] Player ticked. pos=18.52,2.72, yvel=-0.65, TPS: 47.93
[Game/render_thread] Rendering frame, player@['18.520281', '2.716291']. FPS: 56.458898
[Physics Thread] Player ticked. pos=18.68,2.69, yvel=-1.55, TPS: 55.73
[Game/render_thread] Rendering frame, player@['18.681777', '2.688525']. FPS: 56.647595
[Physics Thread] Player ticked. pos=18.87,2.63, yvel=-2.59, TPS: 47.97
[Game/render_thread] Rendering frame, player@['18.869382', '2.634545']. FPS: 55.953447
[Physics Thread] Player ticked. pos=19.06,2.56, yvel=-3.63, TPS: 47.93
[Game/render_thread] Rendering frame, player@['19.057140', '2.558759']. FPS: 51.872601
[Physics Thread] Player ticked. pos=19.25,2.46, yvel=-4.68, TPS: 47.90
[Game/render_thread] Rendering frame, player@['19.245042', '2.461121']. FPS: 56.261956
[Physics Thread] Player ticked. pos=19.43,2.34, yvel=-5.72, TPS: 47.95
[Game/render_thread] Rendering frame, player@['19.432746', '2.341837']. FPS: 55.117676
[Game/render_thread] Rendering frame, player@['19.432746', '2.341837']. FPS: 55.856560
[Physics Thread] Player ticked. pos=19.59,2.22, yvel=-6.62, TPS: 55.56
[Game/render_thread] Rendering frame, player@['19.594737', '2.222696']. FPS: 52.946471
[Physics Thread] Player ticked. pos=19.78,2.06, yvel=-7.66, TPS: 47.92
[Game/render_thread] Rendering frame, player@['19.782567', '2.062772']. FPS: 62.766759
[Physics Thread] Player ticked. pos=19.97,1.88, yvel=-8.71, TPS: 47.96
[Game/render_thread] Rendering frame, player@['19.970208', '1.881275']. FPS: 51.182311
[Physics Thread] Player ticked. pos=20.16,1.68, yvel=-9.75, TPS: 47.93
[Game/render_thread] Rendering frame, player@['20.157975', '1.677893']. FPS: 50.520360
[Physics Thread] Player ticked. pos=20.32,1.48, yvel=-10.66, TPS: 54.75
[Game/render_thread] Rendering frame, player@['20.322360', '1.483157']. FPS: 50.441362
[Physics Thread] Player ticked. pos=20.51,1.24, yvel=-11.70, TPS: 47.97
[Game/render_thread] Rendering frame, player@['20.509992', '1.239150']. FPS: 49.154542
[Physics Thread] Player ticked. pos=20.70,0.97, yvel=-12.75, TPS: 47.97
[Game/render_thread] Rendering frame, player@['20.697624', '0.973411']. FPS: 50.607287
[Physics Thread] Player ticked. pos=20.89,0.69, yvel=-13.79, TPS: 47.92
[Game/render_thread] Rendering frame, player@['20.885436', '0.685644']. FPS: 50.745966
[Physics Thread] Player ticked. pos=21.07,0.38, yvel=-14.83, TPS: 47.91
[Game/render_thread] Rendering frame, player@['21.073275', '0.376055']. FPS: 52.748180
[Physics Thread] Player ticked. pos=21.26,0.04, yvel=-15.88, TPS: 47.95
[Game/render_thread] Rendering frame, player@['21.260961', '0.044974']. FPS: 52.943668
[Physics Thread] Player ticked. pos=21.45,-0.31, yvel=-16.92, TPS: 47.93
[Game/render_thread] Rendering frame, player@['21.448728', '-0.308014']. FPS: 52.798310
[Physics Thread] Player ticked. pos=21.64,0.00, yvel=0.00, TPS: 47.92
[Game/render_thread] Rendering frame, player@['21.636522', '0.000000']. FPS: 54.632867
[Game/render_thread] Rendering frame, player@['21.636522', '0.000000']. FPS: 55.205918
[Physics Thread] Player ticked. pos=21.82,0.00, yvel=0.00, TPS: 49.83
[Game/render_thread] Rendering frame, player@['21.817134', '0.000000']. FPS: 55.248619
[Physics Thread] Player ticked. pos=22.00,0.00, yvel=0.00, TPS: 47.95
[Game/render_thread] Rendering frame, player@['22.004829', '0.000000']. FPS: 62.165859
[Physics Thread] Player ticked. pos=22.19,0.00, yvel=0.00, TPS: 47.94
[Game/render_thread] Rendering frame, player@['22.192551', '0.000000']. FPS: 55.537043
[Physics Thread] Player ticked. pos=22.38,0.00, yvel=0.00, TPS: 47.96
[Game/render_thread] Rendering frame, player@['22.380210', '0.000000']. FPS: 55.126792
[Physics Thread] Player ticked. pos=22.57,0.00, yvel=0.00, TPS: 47.95
[Game/render_thread] Rendering frame, player@['22.567887', '0.000000']. FPS: 55.105527
[Physics Thread] Player ticked. pos=22.76,0.00, yvel=0.00, TPS: 47.94
[Game/render_thread] Rendering frame, player@['22.755627', '0.000000']. FPS: 55.172414
[Game/render_thread] Rendering frame, player@['22.755627', '0.000000']. FPS: 54.948074
[Physics Thread] Player ticked. pos=22.94,0.00, yvel=0.00, TPS: 47.96
[Game/render_thread] Rendering frame, player@['22.943268', '0.000000']. FPS: 62.711652
[Physics Thread] Player ticked. pos=23.13,0.00, yvel=0.00, TPS: 49.19
[Game/render_thread] Rendering frame, player@['23.126247', '0.000000']. FPS: 57.820179
[Physics Thread] Player ticked. pos=23.31,0.00, yvel=0.00, TPS: 47.96
[Game/render_thread] Rendering frame, player@['23.313906', '0.000000']. FPS: 54.555374
[Physics Thread] Player ticked. pos=23.50,0.00, yvel=0.00, TPS: 47.96
[Game/render_thread] Rendering frame, player@['23.501547', '0.000000']. FPS: 55.276104
[Physics Thread] Player ticked. pos=23.69,0.00, yvel=0.00, TPS: 47.91
[Game/render_thread] Rendering frame, player@['23.689404', '0.000000']. FPS: 55.300559
[Physics Thread] Player ticked. pos=23.88,0.00, yvel=0.00, TPS: 47.93
[Game/render_thread] Rendering frame, player@['23.877162', '0.000000']. FPS: 54.424731
[Game/render_thread] Rendering frame, player@['23.877162', '0.000000']. FPS: 54.487005
[Physics Thread] Player ticked. pos=24.06,0.00, yvel=0.00, TPS: 49.04
[Game/render_thread] Rendering frame, player@['24.060672', '0.000000']. FPS: 54.051132
[Physics Thread] Player ticked. pos=24.23,0.00, yvel=0.00, TPS: 54.02
[Game/render_thread] Rendering frame, player@['24.227271', '0.000000']. FPS: 53.998596
[Physics Thread] Player ticked. pos=24.41,0.00, yvel=0.00, TPS: 47.96
[Game/render_thread] Rendering frame, player@['24.414930', '0.000000']. FPS: 61.942517
[Physics Thread] Player ticked. pos=24.60,0.00, yvel=0.00, TPS: 47.97
[Game/render_thread] Rendering frame, player@['24.602562', '0.000000']. FPS: 54.433618
[Physics Thread] Player ticked. pos=24.79,0.00, yvel=0.00, TPS: 47.96
[Game/render_thread] Rendering frame, player@['24.790203', '0.000000']. FPS: 53.711462
[Physics Thread] Player ticked. pos=24.98,0.00, yvel=0.00, TPS: 47.96
[Game/render_thread] Rendering frame, player@['24.977862', '0.000000']. FPS: 52.798310
[Physics Thread] Player ticked. pos=25.16,0.00, yvel=0.00, TPS: 50.65
[Game/render_thread] Rendering frame, player@['25.155549', '0.000000']. FPS: 53.853196
[Physics Thread] Player ticked. pos=25.34,0.00, yvel=0.00, TPS: 47.97
[Game/render_thread] Rendering frame, player@['25.343172', '0.000000']. FPS: 54.030689
[Physics Thread] Player ticked. pos=25.53,0.00, yvel=0.00, TPS: 47.94
[Game/render_thread] Rendering frame, player@['25.530912', '0.000000']. FPS: 57.897175
[Game/render_thread] Rendering frame, player@['25.530912', '0.000000']. FPS: 53.444498
[Physics Thread] Player ticked. pos=25.72,0.00, yvel=0.00, TPS: 48.19
[Game/render_thread] Rendering frame, player@['25.717680', '0.000000']. FPS: 68.936992
[Physics Thread] Player ticked. pos=25.89,0.00, yvel=0.00, TPS: 53.31
[Game/render_thread] Rendering frame, player@['25.886493', '0.000000']. FPS: 53.986935
[Physics Thread] Player ticked. pos=26.07,0.00, yvel=0.00, TPS: 47.94
[Game/render_thread] Rendering frame, player@['26.074242', '0.000000']. FPS: 52.798310
[Physics Thread] Player ticked. pos=26.26,0.00, yvel=0.00, TPS: 47.91
[Game/render_thread] Rendering frame, player@['26.262090', '0.000000']. FPS: 53.513137
[Physics Thread] Player ticked. pos=26.45,0.00, yvel=0.00, TPS: 47.96
[Game/render_thread] Rendering frame, player@['26.449731', '0.000000']. FPS: 53.786575
[Physics Thread] Player ticked. pos=26.64,0.00, yvel=0.00, TPS: 47.94
[Game/render_thread] Rendering frame, player@['26.637462', '0.000000']. FPS: 53.743215
[Physics Thread] Player ticked. pos=26.83,0.00, yvel=0.00, TPS: 47.91
[Game/render_thread] Rendering frame, player@['26.825319', '0.000000']. FPS: 58.075382
[Game/render_thread] Rendering frame, player@['26.825319', '0.000000']. FPS: 59.665871
[Physics Thread] Player ticked. pos=27.01,0.00, yvel=0.00, TPS: 47.96
[Game/render_thread] Rendering frame, player@['27.012978', '0.000000']. FPS: 62.644866
[Physics Thread] Player ticked. pos=27.19,0.00, yvel=0.00, TPS: 50.63
[Game/render_thread] Rendering frame, player@['27.190737', '0.000000']. FPS: 53.544656
[Physics Thread] Player ticked. pos=27.36,0.00, yvel=0.00, TPS: 53.26
[Game/render_thread] Rendering frame, player@['27.359721', '0.000000']. FPS: 53.033517
[Physics Thread] Player ticked. pos=27.55,0.00, yvel=0.00, TPS: 47.92
[Game/render_thread] Rendering frame, player@['27.547551', '0.000000']. FPS: 53.530325
[Physics Thread] Player ticked. pos=27.74,0.00, yvel=0.00, TPS: 47.97
[Game/render_thread] Rendering frame, player@['27.735165', '0.000000']. FPS: 54.327158
[Physics Thread] Player ticked. pos=27.92,0.00, yvel=0.00, TPS: 47.94
[Game/render_thread] Rendering frame, player@['27.922896', '0.000000']. FPS: 52.570708
[Physics Thread] Player ticked. pos=28.08,0.00, yvel=0.00, TPS: 57.64
[Game/render_thread] Rendering frame, player@['28.079046', '0.000000']. FPS: 56.417489
[Game/render_thread] Rendering frame, player@['28.079046', '0.000000']. FPS: 62.680206
[Physics Thread] Player ticked. pos=28.27,0.00, yvel=0.00, TPS: 48.14
[Game/render_thread] Rendering frame, player@['28.266012', '0.000000']. FPS: 53.205640
[Physics Thread] Player ticked. pos=28.45,0.00, yvel=0.00, TPS: 47.89
[Game/render_thread] Rendering frame, player@['28.453932', '0.000000']. FPS: 61.900340
[Physics Thread] Player ticked. pos=28.64,0.00, yvel=0.00, TPS: 47.95
[Game/render_thread] Rendering frame, player@['28.641636', '0.000000']. FPS: 53.123672
[Physics Thread] Player ticked. pos=28.83,0.00, yvel=0.00, TPS: 47.96
[Game/render_thread] Rendering frame, player@['28.829304', '0.000000']. FPS: 53.356099
[Physics Thread] Player ticked. pos=29.02,0.00, yvel=0.00, TPS: 47.95
[Game/render_thread] Rendering frame, player@['29.017017', '0.000000']. FPS: 54.504824
[Physics Thread] Player ticked. pos=29.21,0.00, yvel=0.00, TPS: 47.84
[Game/render_thread] Rendering frame, player@['29.205162', '0.000000']. FPS: 55.825378
[Physics Thread] Player ticked. pos=29.39,0.00, yvel=0.00, TPS: 47.95
[Game/render_thread] Rendering frame, player@['29.392848', '0.000000']. FPS: 57.813494
[Game/render_thread] Rendering frame, player@['29.392848', '0.000000']. FPS: 57.984460
[Physics Thread] Player ticked. pos=29.58,0.00, yvel=0.00, TPS: 47.95
[Game/render_thread] Rendering frame, player@['29.580525', '0.000000']. FPS: 62.460962
[Physics Thread] Player ticked. pos=29.77,0.00, yvel=0.00, TPS: 47.90
[Game/render_thread] Rendering frame, player@['29.768409', '0.000000']. FPS: 57.527469
[Physics Thread] Player ticked. pos=29.96,0.00, yvel=0.00, TPS: 47.94
[Game/render_thread] Rendering frame, player@['29.956158', '0.000000']. FPS: 63.000063
[Physics Thread] Player ticked. pos=30.14,0.00, yvel=0.00, TPS: 47.97
[Game/render_thread] Rendering frame, player@['30.143781', '0.000000']. FPS: 57.766738
[Game/render_thread] Rendering frame, player@['30.143781', '0.000000']. FPS: 64.135454
[Physics Thread] Player ticked. pos=30.33,0.00, yvel=0.00, TPS: 47.93
[Game/render_thread] Rendering frame, player@['30.331557', '0.000000']. FPS: 62.351914
[Physics Thread] Player ticked. pos=30.52,0.00, yvel=0.00, TPS: 47.92
[Game/render_thread] Rendering frame, player@['30.519378', '0.000000']. FPS: 57.823523
[Physics Thread] Player ticked. pos=30.71,0.00, yvel=0.00, TPS: 47.97
[Game/render_thread] Rendering frame, player@['30.707001', '0.000000']. FPS: 57.836900
[Physics Thread] Player ticked. pos=30.89,0.00, yvel=0.00, TPS: 47.95
[Game/render_thread] Rendering frame, player@['30.894687', '0.000000']. FPS: 56.695770
[Game/render_thread] Rendering frame, player@['30.894687', '0.000000']. FPS: 57.454754
[Physics Thread] Player ticked. pos=31.07,0.00, yvel=0.00, TPS: 52.39
[Game/render_thread] Rendering frame, player@['31.066479', '0.000000']. FPS: 57.544021
[Physics Thread] Player ticked. pos=31.25,0.00, yvel=0.00, TPS: 47.95
[Game/render_thread] Rendering frame, player@['31.254156', '0.000000']. FPS: 62.735257
[Physics Thread] Player ticked. pos=31.44,0.00, yvel=0.00, TPS: 47.94
Running collision effect for: Collision(with spike @x,y=40,0
Crashed into spike, spike x is 40, player x is 31.44190500000001
[Game/render_thread] Rendering frame, player@['31.441905', '0.000000']. FPS: 56.551490
[Game/render_thread] Rendering frame, player@['31.441905', '0.000000']. FPS: 79.611496
[Game/render_thread] Rendering frame, player@['31.441905', '0.000000']. FPS: 79.910500
[Game/render_thread] Rendering frame, player@['31.441905', '0.000000']. FPS: 80.121785
[Game/render_thread] Rendering frame, player@['31.441905', '0.000000']. FPS: 79.396586
[Game/render_thread] Rendering frame, player@['31.441905', '0.000000']. FPS: 71.926922
[Game/render_thread] Rendering frame, player@['31.441905', '0.000000']. FPS: 71.895895
[Game/render_thread] Rendering frame, player@['31.441905', '0.000000']. FPS: 71.849404
[Game/render_thread] Rendering frame, player@['31.441905', '0.000000']. FPS: 71.844242
[Game/render_thread] Rendering frame, player@['31.441905', '0.000000']. FPS: 71.859730
[Game/render_thread] Rendering frame, player@['31.441905', '0.000000']. FPS: 71.911405
[Game/render_thread] Rendering frame, player@['31.441905', '0.000000']. FPS: 71.901064
[Game/render_thread] Rendering frame, player@['31.441905', '0.000000']. FPS: 71.854566
[Game/render_thread] Rendering frame, player@['31.441905', '0.000000']. FPS: 71.895895
[Game/render_thread] Rendering frame, player@['31.441905', '0.000000']. FPS: 71.901064
[Game/render_thread] Rendering frame, player@['31.441905', '0.000000']. FPS: 71.679450
[Game/render_thread] Rendering frame, player@['31.441905', '0.000000']. FPS: 71.510297
[Game/render_thread] Rendering frame, player@['31.441905', '0.000000']. FPS: 71.658904
[Game/render_thread] Rendering frame, player@['31.441905', '0.000000']. FPS: 75.964752
[Game/render_thread] Rendering frame, player@['31.441905', '0.000000']. FPS: 71.720577
[Game/render_thread] Rendering frame, player@['31.441905', '0.000000']. FPS: 71.710290
[Game/render_thread] Rendering frame, player@['31.441905', '0.000000']. FPS: 73.480785
[Game/render_thread] Rendering frame, player@['31.441905', '0.000000']. FPS: 71.700007
[Game/render_thread] Rendering frame, player@['31.441905', '0.000000']. FPS: 71.756602
[Game/render_thread] Rendering frame, player@['31.441905', '0.000000']. FPS: 71.792663
[Game/render_thread] Rendering frame, player@['31.441905', '0.000000']. FPS: 71.772052
[Game/render_thread] Rendering frame, player@['31.441905', '0.000000']. FPS: 71.761751
[Game/render_thread] Rendering frame, player@['31.441905', '0.000000']. FPS: 72.769611
[Game/render_thread] Rendering frame, player@['31.441905', '0.000000']. FPS: 71.336853
[Game/render_thread] Rendering frame, player@['31.441905', '0.000000']. FPS: 79.789356
[Game/render_thread] Rendering frame, player@['31.441905', '0.000000']. FPS: 71.700007
[Game/render_thread] Rendering frame, player@['31.441905', '0.000000']. FPS: 78.653453
[Game/render_thread] Rendering frame, player@['31.441905', '0.000000']. FPS: 71.715433
[Game/render_thread] Rendering frame, player@['31.441905', '0.000000']. FPS: 72.212594
[Game/render_thread] Rendering frame, player@['31.441905', '0.000000']. FPS: 84.381065
[Game/render_thread] Rendering frame, player@['31.441905', '0.000000']. FPS: 71.761751
[Game/render_thread] Rendering frame, player@['31.441905', '0.000000']. FPS: 80.192462
crash_normal(): setting player pos back to [0, 0]
[Game/render_thread] Rendering frame, player@['0.000000', '0.000000']. FPS: 77.214115
[Physics Thread] Player ticked. pos=0.19,0.00, yvel=0.00, TPS: 47.86
[Game/render_thread] Rendering frame, player@['0.188037', '0.000000']. FPS: 37.035665
[Physics Thread] Player ticked. pos=0.38,0.00, yvel=0.00, TPS: 47.90
[Game/render_thread] Rendering frame, player@['0.375930', '0.000000']. FPS: 51.602250
[Physics Thread] Player ticked. pos=0.54,0.00, yvel=0.00, TPS: 55.40
[Game/render_thread] Rendering frame, player@['0.538371', '0.000000']. FPS: 57.051575
[Physics Thread] Player ticked. pos=0.73,0.00, yvel=0.00, TPS: 47.97
[Game/render_thread] Rendering frame, player@['0.725994', '0.000000']. FPS: 59.762147
[Physics Thread] Player ticked. pos=0.90,0.00, yvel=0.00, TPS: 52.31
[Game/render_thread] Rendering frame, player@['0.898038', '0.000000']. FPS: 59.333096
[Physics Thread] Player ticked. pos=1.06,0.00, yvel=0.00, TPS: 54.14
[Game/render_thread] Rendering frame, player@['1.064277', '0.000000']. FPS: 60.106990
[Game/render_thread] Rendering frame, player@['1.064277', '0.000000']. FPS: 60.273642
[Physics Thread] Player ticked. pos=1.23,0.00, yvel=0.00, TPS: 55.54
[Game/render_thread] Rendering frame, player@['1.226322', '0.000000']. FPS: 59.916117
[Physics Thread] Player ticked. pos=1.41,0.00, yvel=0.00, TPS: 47.93
[Game/render_thread] Rendering frame, player@['1.414089', '0.000000']. FPS: 64.762645
[Physics Thread] Player ticked. pos=1.60,0.00, yvel=0.00, TPS: 47.91
[Game/render_thread] Rendering frame, player@['1.601937', '0.000000']. FPS: 59.973612
[Physics Thread] Player ticked. pos=1.79,0.00, yvel=0.00, TPS: 47.96
[Game/render_thread] Rendering frame, player@['1.789587', '0.000000']. FPS: 60.042029
[Game/render_thread] Rendering frame, player@['1.789587', '0.000000']. FPS: 62.503906
[Physics Thread] Player ticked. pos=1.98,0.00, yvel=0.00, TPS: 47.97
[Game/render_thread] Rendering frame, player@['1.977201', '0.000000']. FPS: 63.127328
[Physics Thread] Player ticked. pos=2.16,0.00, yvel=0.00, TPS: 47.96
[Game/render_thread] Rendering frame, player@['2.164851', '0.000000']. FPS: 60.143141
[Physics Thread] Player ticked. pos=2.35,0.00, yvel=0.00, TPS: 47.96
[Game/render_thread] Rendering frame, player@['2.352492', '0.000000']. FPS: 60.240964
[Physics Thread] Player ticked. pos=2.51,0.00, yvel=0.00, TPS: 55.62
[Game/render_thread] Rendering frame, player@['2.514303', '0.000000']. FPS: 59.776436
[Physics Thread] Player ticked. pos=2.70,0.00, yvel=0.00, TPS: 47.92
[Game/render_thread] Rendering frame, player@['2.702115', '0.000000']. FPS: 59.548621
[Game/render_thread] Rendering frame, player@['2.702115', '0.000000']. FPS: 60.208321
[Physics Thread] Player ticked. pos=2.89,0.00, yvel=0.00, TPS: 47.97
[Game/render_thread] Rendering frame, player@['2.889747', '0.000000']. FPS: 63.291139
[Physics Thread] Player ticked. pos=3.08,0.00, yvel=0.00, TPS: 47.93
[Game/render_thread] Rendering frame, player@['3.077514', '0.000000']. FPS: 60.027613
[Physics Thread] Player ticked. pos=3.26,0.00, yvel=0.00, TPS: 48.50
[Game/render_thread] Rendering frame, player@['3.263094', '0.000000']. FPS: 59.672992
[Game/render_thread] Rendering frame, player@['3.263094', '0.000000']. FPS: 59.865900
[Physics Thread] Player ticked. pos=3.45,0.00, yvel=0.00, TPS: 47.51
[Game/render_thread] Rendering frame, player@['3.452508', '0.000000']. FPS: 62.992126
[Physics Thread] Player ticked. pos=3.64,0.00, yvel=0.00, TPS: 47.97
[Game/render_thread] Rendering frame, player@['3.640131', '0.000000']. FPS: 59.375371
[Physics Thread] Player ticked. pos=3.83,0.00, yvel=0.00, TPS: 47.93
[Game/render_thread] Rendering frame, player@['3.827916', '0.000000']. FPS: 59.623181
[Physics Thread] Player ticked. pos=4.02,0.00, yvel=0.00, TPS: 47.93
[Game/render_thread] Rendering frame, player@['4.015692', '0.000000']. FPS: 59.862317
[Physics Thread] Player ticked. pos=4.18,0.00, yvel=0.00, TPS: 53.36
[Game/render_thread] Rendering frame, player@['4.184370', '0.000000']. FPS: 62.621329
[Game/render_thread] Rendering frame, player@['4.184370', '0.000000']. FPS: 59.926889
[Physics Thread] Player ticked. pos=4.37,0.00, yvel=0.00, TPS: 47.95
[Game/render_thread] Rendering frame, player@['4.372074', '0.000000']. FPS: 62.425869
[Physics Thread] Player ticked. pos=4.52,0.00, yvel=0.00, TPS: 59.83
[Game/render_thread] Rendering frame, player@['4.522500', '0.000000']. FPS: 59.988002
[Physics Thread] Player ticked. pos=4.69,0.00, yvel=0.00, TPS: 53.39
[Game/render_thread] Rendering frame, player@['4.691079', '0.000000']. FPS: 59.937665
[Physics Thread] Player ticked. pos=4.86,0.00, yvel=0.00, TPS: 52.99
[Game/render_thread] Rendering frame, player@['4.860927', '0.000000']. FPS: 65.475021
[Physics Thread] Player ticked. pos=5.05,0.00, yvel=0.00, TPS: 47.94
[Game/render_thread] Rendering frame, player@['5.048676', '0.000000']. FPS: 59.516724
[Game/render_thread] Rendering frame, player@['5.048676', '0.000000']. FPS: 59.751434
[Physics Thread] Player ticked. pos=5.24,0.00, yvel=0.00, TPS: 47.96
[Game/render_thread] Rendering frame, player@['5.236317', '0.000000']. FPS: 63.179176
[Physics Thread] Player ticked. pos=5.42,0.00, yvel=0.00, TPS: 47.86
[Game/render_thread] Rendering frame, player@['5.424381', '0.000000']. FPS: 59.905350
[Physics Thread] Player ticked. pos=5.61,0.00, yvel=0.00, TPS: 47.92
[Game/render_thread] Rendering frame, player@['5.612175', '0.000000']. FPS: 59.623181
[Physics Thread] Player ticked. pos=5.80,0.00, yvel=0.00, TPS: 47.97
[Game/render_thread] Rendering frame, player@['5.799807', '0.000000']. FPS: 65.350935
[Game/render_thread] Rendering frame, player@['5.799807', '0.000000']. FPS: 60.342747
[Physics Thread] Player ticked. pos=5.99,0.00, yvel=0.00, TPS: 47.96
[Game/render_thread] Rendering frame, player@['5.987448', '0.000000']. FPS: 63.163214
[Physics Thread] Player ticked. pos=6.16,0.00, yvel=0.00, TPS: 53.20
[Game/render_thread] Rendering frame, player@['6.156621', '0.000000']. FPS: 59.776436
[Physics Thread] Player ticked. pos=6.32,0.00, yvel=0.00, TPS: 55.57
[Game/render_thread] Rendering frame, player@['6.318585', '0.000000']. FPS: 60.565683
[Physics Thread] Player ticked. pos=6.51,0.00, yvel=0.00, TPS: 47.97
[Game/render_thread] Rendering frame, player@['6.506190', '0.000000']. FPS: 60.547348
[Game/render_thread] Rendering frame, player@['6.506190', '0.000000']. FPS: 60.386473
[Physics Thread] Player ticked. pos=6.70,0.00, yvel=0.00, TPS: 47.56
[Game/render_thread] Rendering frame, player@['6.695415', '0.000000']. FPS: 62.309178
[Physics Thread] Player ticked. pos=6.88,0.00, yvel=0.00, TPS: 47.97
[Game/render_thread] Rendering frame, player@['6.883038', '0.000000']. FPS: 60.499728
[Physics Thread] Player ticked. pos=7.05,0.00, yvel=0.00, TPS: 54.62
[Game/render_thread] Rendering frame, player@['7.047810', '0.000000']. FPS: 60.386473
[Physics Thread] Player ticked. pos=7.24,0.00, yvel=0.00, TPS: 47.93
[Game/render_thread] Rendering frame, player@['7.235595', '0.000000']. FPS: 60.565683
[Physics Thread] Player ticked. pos=7.42,0.00, yvel=0.00, TPS: 47.93
[Game/render_thread] Rendering frame, player@['7.423371', '0.000000']. FPS: 62.375250
[Game/render_thread] Rendering frame, player@['7.423371', '0.000000']. FPS: 60.554681
[Physics Thread] Player ticked. pos=7.61,0.00, yvel=0.00, TPS: 47.94
[Game/render_thread] Rendering frame, player@['7.611093', '0.000000']. FPS: 63.243107
[Physics Thread] Player ticked. pos=7.80,0.00, yvel=0.00, TPS: 47.94
[Game/render_thread] Rendering frame, player@['7.798833', '0.000000']. FPS: 60.764416
[Physics Thread] Player ticked. pos=7.99,0.00, yvel=0.00, TPS: 47.88
[Game/render_thread] Rendering frame, player@['7.986807', '0.000000']. FPS: 60.324546
[Game/render_thread] Rendering frame, player@['7.986807', '0.000000']. FPS: 60.371891
[Physics Thread] Player ticked. pos=8.17,0.00, yvel=0.00, TPS: 47.87
[Game/render_thread] Rendering frame, player@['8.174799', '0.000000']. FPS: 62.770699
[Physics Thread] Player ticked. pos=8.36,0.00, yvel=0.00, TPS: 47.95
[Game/render_thread] Rendering frame, player@['8.362476', '0.000000']. FPS: 60.576690
[Physics Thread] Player ticked. pos=8.55,0.00, yvel=0.00, TPS: 47.89
[Game/render_thread] Rendering frame, player@['8.550423', '0.000000']. FPS: 60.350030
[Physics Thread] Player ticked. pos=8.74,0.00, yvel=0.00, TPS: 47.92
[Game/render_thread] Rendering frame, player@['8.738253', '0.000000']. FPS: 60.580360
[Game/render_thread] Rendering frame, player@['8.738253', '0.000000']. FPS: 60.768109
[Physics Thread] Player ticked. pos=8.93,0.00, yvel=0.00, TPS: 47.95
[Game/render_thread] Rendering frame, player@['8.925930', '0.000000']. FPS: 62.900994
[Physics Thread] Player ticked. pos=9.09,0.00, yvel=0.00, TPS: 55.06
[Game/render_thread] Rendering frame, player@['9.089388', '0.000000']. FPS: 60.045635
[Physics Thread] Player ticked. pos=9.28,0.00, yvel=0.00, TPS: 47.96
[Game/render_thread] Rendering frame, player@['9.277056', '0.000000']. FPS: 60.819852
[Physics Thread] Player ticked. pos=9.46,0.00, yvel=0.00, TPS: 47.95
[Game/render_thread] Rendering frame, player@['9.464733', '0.000000']. FPS: 61.225739
[Physics Thread] Player ticked. pos=9.64,0.00, yvel=0.00, TPS: 52.81
[Game/render_thread] Rendering frame, player@['9.635148', '0.000000']. FPS: 60.466804
[Game/render_thread] Rendering frame, player@['9.635148', '0.000000']. FPS: 60.694343
[Physics Thread] Player ticked. pos=9.82,0.00, yvel=0.00, TPS: 47.93
[Game/render_thread] Rendering frame, player@['9.822906', '0.000000']. FPS: 63.159224
[Physics Thread] Player ticked. pos=10.01,0.00, yvel=0.00, TPS: 47.96
[Game/render_thread] Rendering frame, player@['10.010556', '0.000000']. FPS: 61.278265
[Physics Thread] Player ticked. pos=10.20,0.00, yvel=0.00, TPS: 47.93
[Game/render_thread] Rendering frame, player@['10.198341', '0.000000']. FPS: 61.259495
[Game/render_thread] Rendering frame, player@['10.198341', '0.000000']. FPS: 60.979328
[Physics Thread] Player ticked. pos=10.37,0.00, yvel=0.00, TPS: 53.11
[Game/render_thread] Rendering frame, player@['10.367802', '0.000000']. FPS: 61.443932
[Physics Thread] Player ticked. pos=10.52,0.00, yvel=0.00, TPS: 57.78
[Game/render_thread] Rendering frame, player@['10.523574', '0.000000']. FPS: 62.371359
[Physics Thread] Player ticked. pos=10.71,0.00, yvel=0.00, TPS: 47.96
[Game/render_thread] Rendering frame, player@['10.711224', '0.000000']. FPS: 61.553613
[Physics Thread] Player ticked. pos=10.90,0.00, yvel=0.00, TPS: 47.93
[Game/render_thread] Rendering frame, player@['10.898982', '0.000000']. FPS: 61.169562
[Game/render_thread] Rendering frame, player@['10.898982', '0.000000']. FPS: 71.576838
[Physics Thread] Player ticked. pos=11.09,0.00, yvel=0.00, TPS: 47.87
[Game/render_thread] Rendering frame, player@['11.086983', '0.000000']. FPS: 62.468766
[Physics Thread] Player ticked. pos=11.27,0.00, yvel=0.00, TPS: 47.96
[Game/render_thread] Rendering frame, player@['11.274633', '0.000000']. FPS: 61.413744
[Physics Thread] Player ticked. pos=11.46,0.00, yvel=0.00, TPS: 47.94
[Game/render_thread] Rendering frame, player@['11.462373', '0.000000']. FPS: 60.672249
[Physics Thread] Player ticked. pos=11.65,0.00, yvel=0.00, TPS: 47.92
[Game/render_thread] Rendering frame, player@['11.650194', '0.000000']. FPS: 61.671292
[Game/render_thread] Rendering frame, player@['11.650194', '0.000000']. FPS: 61.980910
[Physics Thread] Player ticked. pos=11.84,0.00, yvel=0.00, TPS: 47.97
[Game/render_thread] Rendering frame, player@['11.837799', '0.000000']. FPS: 63.079543
[Physics Thread] Player ticked. pos=12.03,0.00, yvel=0.00, TPS: 47.94
[Game/render_thread] Rendering frame, player@['12.025530', '0.000000']. FPS: 61.098552
[Physics Thread] Player ticked. pos=12.21,0.00, yvel=0.00, TPS: 47.91
[Game/render_thread] Rendering frame, player@['12.213396', '0.000000']. FPS: 61.751266
[Game/render_thread] Rendering frame, player@['12.213396', '0.000000']. FPS: 61.992437
[Physics Thread] Player ticked. pos=12.40,0.00, yvel=0.00, TPS: 47.84
[Game/render_thread] Rendering frame, player@['12.401532', '0.000000']. FPS: 62.912866
[Physics Thread] Player ticked. pos=12.59,0.00, yvel=0.00, TPS: 47.94
[Game/render_thread] Rendering frame, player@['12.589272', '0.000000']. FPS: 60.679612
[Physics Thread] Player ticked. pos=12.78,0.00, yvel=0.00, TPS: 47.91
[Game/render_thread] Rendering frame, player@['12.777138', '0.000000']. FPS: 61.988594
[Physics Thread] Player ticked. pos=12.96,0.00, yvel=0.00, TPS: 47.95
[Game/render_thread] Rendering frame, player@['12.964815', '0.000000']. FPS: 64.292144
[Game/render_thread] Rendering frame, player@['12.964815', '0.000000']. FPS: 62.293652
[Physics Thread] Player ticked. pos=13.15,0.00, yvel=0.00, TPS: 47.92
[Game/render_thread] Rendering frame, player@['13.152627', '0.000000']. FPS: 61.946354
[Physics Thread] Player ticked. pos=13.34,0.00, yvel=0.00, TPS: 47.89
[Game/render_thread] Rendering frame, player@['13.340547', '0.000000']. FPS: 61.896509
[Physics Thread] Player ticked. pos=13.53,0.00, yvel=0.00, TPS: 47.96
[Game/render_thread] Rendering frame, player@['13.528215', '0.000000']. FPS: 70.190215
[Game/render_thread] Rendering frame, player@['13.528215', '0.000000']. FPS: 62.173589
[Physics Thread] Player ticked. pos=13.72,0.00, yvel=0.00, TPS: 47.97
[Game/render_thread] Rendering frame, player@['13.715838', '0.000000']. FPS: 62.216139
[Physics Thread] Player ticked. pos=13.90,0.00, yvel=0.00, TPS: 47.96
[Game/render_thread] Rendering frame, player@['13.903506', '0.000000']. FPS: 61.888848
[Physics Thread] Player ticked. pos=14.09,0.00, yvel=0.00, TPS: 47.97
[Game/render_thread] Rendering frame, player@['14.091138', '0.000000']. FPS: 70.269131
[Game/render_thread] Rendering frame, player@['14.091138', '0.000000']. FPS: 62.065541
[Physics Thread] Player ticked. pos=14.28,0.00, yvel=0.00, TPS: 47.95
[Game/render_thread] Rendering frame, player@['14.278833', '0.000000']. FPS: 62.952471
[Physics Thread] Player ticked. pos=14.47,0.00, yvel=0.00, TPS: 47.84
[Game/render_thread] Rendering frame, player@['14.466969', '0.000000']. FPS: 61.546036
[Physics Thread] Player ticked. pos=14.65,0.00, yvel=0.00, TPS: 47.92
[Game/render_thread] Rendering frame, player@['14.654763', '0.000000']. FPS: 69.536194
[Game/render_thread] Rendering frame, player@['14.654763', '0.000000']. FPS: 58.078755
[Physics Thread] Player ticked. pos=14.84,0.00, yvel=0.00, TPS: 47.96
something_got_activated is False
[Game/render_thread] Rendering frame, player@['14.842413', '0.000000']. FPS: 62.531266
[Physics Thread] Player ticked. pos=15.01,0.30, yvel=16.00, TPS: 52.51
[Game/render_thread] Rendering frame, player@['15.013800', '0.304688']. FPS: 56.012995
[Physics Thread] Player ticked. pos=15.20,0.62, yvel=14.96, TPS: 47.95
[Game/render_thread] Rendering frame, player@['15.201504', '0.616635']. FPS: 55.453890
[Physics Thread] Player ticked. pos=15.39,0.91, yvel=13.91, TPS: 47.95
[Game/render_thread] Rendering frame, player@['15.389199', '0.906821']. FPS: 54.162379
[Physics Thread] Player ticked. pos=15.55,1.14, yvel=13.02, TPS: 56.20
[Game/render_thread] Rendering frame, player@['15.549345', '1.138584']. FPS: 50.643168
[Physics Thread] Player ticked. pos=15.74,1.39, yvel=11.98, TPS: 47.95
[Game/render_thread] Rendering frame, player@['15.737031', '1.388457']. FPS: 52.053511
[Physics Thread] Player ticked. pos=15.92,1.62, yvel=10.94, TPS: 47.96
[Game/render_thread] Rendering frame, player@['15.924690', '1.616557']. FPS: 50.015005
[Physics Thread] Player ticked. pos=16.11,1.82, yvel=9.89, TPS: 47.78
[Game/render_thread] Rendering frame, player@['16.113060', '1.823617']. FPS: 49.828093
[Physics Thread] Player ticked. pos=16.30,2.01, yvel=8.85, TPS: 47.91
[Game/render_thread] Rendering frame, player@['16.300908', '2.008322']. FPS: 49.556470
[Physics Thread] Player ticked. pos=16.45,2.14, yvel=8.01, TPS: 59.84
[Game/render_thread] Rendering frame, player@['16.451307', '2.142241']. FPS: 49.915144
[Physics Thread] Player ticked. pos=16.64,2.29, yvel=6.97, TPS: 47.92
[Game/render_thread] Rendering frame, player@['16.639137', '2.287713']. FPS: 57.054830
[Physics Thread] Player ticked. pos=16.79,2.39, yvel=6.13, TPS: 59.36
[Game/render_thread] Rendering frame, player@['16.790742', '2.390940']. FPS: 50.456633
[Physics Thread] Player ticked. pos=16.98,2.50, yvel=5.09, TPS: 47.96
[Game/render_thread] Rendering frame, player@['16.978410', '2.496983']. FPS: 52.438385
[Physics Thread] Player ticked. pos=17.17,2.58, yvel=4.04, TPS: 47.96
[Game/render_thread] Rendering frame, player@['17.166060', '2.581280']. FPS: 56.844020
[Physics Thread] Player ticked. pos=17.35,2.64, yvel=3.00, TPS: 47.94
[Game/render_thread] Rendering frame, player@['17.353791', '2.643858']. FPS: 52.336840
[Game/render_thread] Rendering frame, player@['17.353791', '2.643858']. FPS: 64.909775
[Physics Thread] Player ticked. pos=17.54,2.68, yvel=1.96, TPS: 47.92
[Game/render_thread] Rendering frame, player@['17.541603', '2.684689']. FPS: 62.869357
[Physics Thread] Player ticked. pos=17.73,2.70, yvel=0.91, TPS: 47.97
[Game/render_thread] Rendering frame, player@['17.729235', '2.703750']. FPS: 53.821313
[Physics Thread] Player ticked. pos=17.92,2.70, yvel=-0.13, TPS: 47.97
[Game/render_thread] Rendering frame, player@['17.916849', '2.701080']. FPS: 56.274620
[Physics Thread] Player ticked. pos=18.10,2.68, yvel=-1.17, TPS: 47.96
[Game/render_thread] Rendering frame, player@['18.104508', '2.676672']. FPS: 56.468462
[Game/render_thread] Rendering frame, player@['18.104508', '2.676672']. FPS: 56.066383
[Physics Thread] Player ticked. pos=18.29,2.63, yvel=-2.21, TPS: 47.96
[Game/render_thread] Rendering frame, player@['18.292176', '2.630522']. FPS: 62.601728
[Physics Thread] Player ticked. pos=18.48,2.56, yvel=-3.26, TPS: 47.97
[Game/render_thread] Rendering frame, player@['18.479799', '2.562654']. FPS: 52.113190
[Physics Thread] Player ticked. pos=18.67,2.47, yvel=-4.30, TPS: 47.96
[Game/render_thread] Rendering frame, player@['18.667467', '2.473029']. FPS: 53.734551
[Physics Thread] Player ticked. pos=18.86,2.36, yvel=-5.34, TPS: 47.96
[Game/render_thread] Rendering frame, player@['18.855135', '2.361664']. FPS: 53.824210
[Physics Thread] Player ticked. pos=19.04,2.23, yvel=-6.38, TPS: 47.97
[Game/render_thread] Rendering frame, player@['19.042767', '2.228588']. FPS: 56.299966
[Physics Thread] Player ticked. pos=19.23,2.07, yvel=-7.43, TPS: 47.93
[Game/render_thread] Rendering frame, player@['19.230525', '2.073661']. FPS: 52.932458
[Physics Thread] Player ticked. pos=19.42,1.90, yvel=-8.47, TPS: 47.96
[Game/render_thread] Rendering frame, player@['19.418184', '1.897078']. FPS: 52.075197
[Physics Thread] Player ticked. pos=19.61,1.70, yvel=-9.51, TPS: 47.96
[Game/render_thread] Rendering frame, player@['19.605825', '1.698778']. FPS: 50.965802
[Physics Thread] Player ticked. pos=19.79,1.48, yvel=-10.55, TPS: 47.95
[Game/render_thread] Rendering frame, player@['19.793529', '1.478663']. FPS: 49.253805
[Physics Thread] Player ticked. pos=19.98,1.24, yvel=-11.58, TPS: 48.72
[Game/render_thread] Rendering frame, player@['19.978245', '1.240990']. FPS: 49.363215
[Game/render_thread] Rendering frame, player@['19.978245', '1.240990']. FPS: 50.080128
[Physics Thread] Player ticked. pos=20.17,0.98, yvel=-12.63, TPS: 47.69
[Game/render_thread] Rendering frame, player@['20.166948', '0.976206']. FPS: 73.545635
[Physics Thread] Player ticked. pos=20.35,0.69, yvel=-13.67, TPS: 47.92
[Game/render_thread] Rendering frame, player@['20.354778', '0.690869']. FPS: 51.334702
[Physics Thread] Player ticked. pos=20.52,0.42, yvel=-14.59, TPS: 54.27
[Game/render_thread] Rendering frame, player@['20.520603', '0.421987']. FPS: 52.773233
[Physics Thread] Player ticked. pos=20.71,0.10, yvel=-15.64, TPS: 47.97
[Game/render_thread] Rendering frame, player@['20.708226', '0.096029']. FPS: 52.879277
[Physics Thread] Player ticked. pos=20.90,-0.25, yvel=-16.68, TPS: 47.97
[Game/render_thread] Rendering frame, player@['20.895858', '-0.251676']. FPS: 52.977326
[Physics Thread] Player ticked. pos=21.08,0.00, yvel=0.00, TPS: 47.94
[Game/render_thread] Rendering frame, player@['21.083589', '0.000000']. FPS: 54.638837
[Physics Thread] Player ticked. pos=21.27,0.00, yvel=0.00, TPS: 47.96
[Game/render_thread] Rendering frame, player@['21.271248', '0.000000']. FPS: 54.617947
[Game/render_thread] Rendering frame, player@['21.271248', '0.000000']. FPS: 55.685488
[Physics Thread] Player ticked. pos=21.46,0.00, yvel=0.00, TPS: 47.96
[Game/render_thread] Rendering frame, player@['21.458907', '0.000000']. FPS: 55.175458
[Physics Thread] Player ticked. pos=21.62,0.00, yvel=0.00, TPS: 55.54
[Game/render_thread] Rendering frame, player@['21.620961', '0.000000']. FPS: 55.056984
[Physics Thread] Player ticked. pos=21.81,0.00, yvel=0.00, TPS: 47.96
[Game/render_thread] Rendering frame, player@['21.808620', '0.000000']. FPS: 62.770699
[Physics Thread] Player ticked. pos=22.00,0.00, yvel=0.00, TPS: 47.95
[Game/render_thread] Rendering frame, player@['21.996333', '0.000000']. FPS: 53.780790
[Physics Thread] Player ticked. pos=22.18,0.00, yvel=0.00, TPS: 47.92
[Game/render_thread] Rendering frame, player@['22.184154', '0.000000']. FPS: 55.343406
[Physics Thread] Player ticked. pos=22.37,0.00, yvel=0.00, TPS: 47.97
[Game/render_thread] Rendering frame, player@['22.371777', '0.000000']. FPS: 55.500056
[Physics Thread] Player ticked. pos=22.56,0.00, yvel=0.00, TPS: 47.94
[Game/render_thread] Rendering frame, player@['22.559508', '0.000000']. FPS: 55.527792
[Game/render_thread] Rendering frame, player@['22.559508', '0.000000']. FPS: 54.606018
[Physics Thread] Player ticked. pos=22.75,0.00, yvel=0.00, TPS: 48.03
[Game/render_thread] Rendering frame, player@['22.746879', '0.000000']. FPS: 55.190684
[Physics Thread] Player ticked. pos=22.93,0.00, yvel=0.00, TPS: 47.96
[Game/render_thread] Rendering frame, player@['22.934547', '0.000000']. FPS: 62.802236
[Physics Thread] Player ticked. pos=23.10,0.00, yvel=0.00, TPS: 55.99
[Game/render_thread] Rendering frame, player@['23.095278', '0.000000']. FPS: 54.984329
[Physics Thread] Player ticked. pos=23.28,0.00, yvel=0.00, TPS: 47.94
[Game/render_thread] Rendering frame, player@['23.283027', '0.000000']. FPS: 54.752519
[Physics Thread] Player ticked. pos=23.47,0.00, yvel=0.00, TPS: 47.94
[Game/render_thread] Rendering frame, player@['23.470767', '0.000000']. FPS: 60.179334
[Physics Thread] Player ticked. pos=23.64,0.00, yvel=0.00, TPS: 52.01
[Game/render_thread] Rendering frame, player@['23.643819', '0.000000']. FPS: 54.177051
[Physics Thread] Player ticked. pos=23.83,0.00, yvel=0.00, TPS: 47.90
[Game/render_thread] Rendering frame, player@['23.831694', '0.000000']. FPS: 53.818417
[Physics Thread] Player ticked. pos=24.02,0.00, yvel=0.00, TPS: 47.85
[Game/render_thread] Rendering frame, player@['24.019794', '0.000000']. FPS: 53.934523
[Game/render_thread] Rendering frame, player@['24.019794', '0.000000']. FPS: 53.954894
[Physics Thread] Player ticked. pos=24.20,0.00, yvel=0.00, TPS: 50.54
[Game/render_thread] Rendering frame, player@['24.197859', '0.000000']. FPS: 54.056976
[Physics Thread] Player ticked. pos=24.39,0.00, yvel=0.00, TPS: 47.95
[Game/render_thread] Rendering frame, player@['24.385545', '0.000000']. FPS: 61.835271
[Physics Thread] Player ticked. pos=24.57,0.00, yvel=0.00, TPS: 47.96
[Game/render_thread] Rendering frame, player@['24.573213', '0.000000']. FPS: 53.902544
[Physics Thread] Player ticked. pos=24.76,0.00, yvel=0.00, TPS: 47.97
[Game/render_thread] Rendering frame, player@['24.760836', '0.000000']. FPS: 53.899639
[Physics Thread] Player ticked. pos=24.95,0.00, yvel=0.00, TPS: 47.95
[Game/render_thread] Rendering frame, player@['24.948531', '0.000000']. FPS: 58.448770
[Physics Thread] Player ticked. pos=25.14,0.00, yvel=0.00, TPS: 47.89
[Game/render_thread] Rendering frame, player@['25.136478', '0.000000']. FPS: 53.319115
[Physics Thread] Player ticked. pos=25.32,0.00, yvel=0.00, TPS: 47.95
[Game/render_thread] Rendering frame, player@['25.324155', '0.000000']. FPS: 53.801044
[Game/render_thread] Rendering frame, player@['25.324155', '0.000000']. FPS: 53.265154
[Physics Thread] Player ticked. pos=25.50,0.00, yvel=0.00, TPS: 50.22
[Game/render_thread] Rendering frame, player@['25.503354', '0.000000']. FPS: 52.282114
[Physics Thread] Player ticked. pos=25.69,0.00, yvel=0.00, TPS: 47.65
[Game/render_thread] Rendering frame, player@['25.692246', '0.000000']. FPS: 61.561192
[Physics Thread] Player ticked. pos=25.88,0.00, yvel=0.00, TPS: 47.96
[Game/render_thread] Rendering frame, player@['25.879914', '0.000000']. FPS: 58.802775
[Physics Thread] Player ticked. pos=26.03,0.00, yvel=0.00, TPS: 59.93
[Game/render_thread] Rendering frame, player@['26.030088', '0.000000']. FPS: 53.547523
[Physics Thread] Player ticked. pos=26.22,0.00, yvel=0.00, TPS: 47.94
[Game/render_thread] Rendering frame, player@['26.217819', '0.000000']. FPS: 52.317673
[Physics Thread] Player ticked. pos=26.41,0.00, yvel=0.00, TPS: 47.92
[Game/render_thread] Rendering frame, player@['26.405631', '0.000000']. FPS: 53.530325
[Physics Thread] Player ticked. pos=26.59,0.00, yvel=0.00, TPS: 47.97
[Game/render_thread] Rendering frame, player@['26.593263', '0.000000']. FPS: 53.596313
[Physics Thread] Player ticked. pos=26.78,0.00, yvel=0.00, TPS: 47.95
[Game/render_thread] Rendering frame, player@['26.780976', '0.000000']. FPS: 52.971713
[Physics Thread] Player ticked. pos=26.97,0.00, yvel=0.00, TPS: 47.90
[Game/render_thread] Rendering frame, player@['26.968878', '0.000000']. FPS: 53.665343
[Physics Thread] Player ticked. pos=27.16,0.00, yvel=0.00, TPS: 47.96
[Game/render_thread] Rendering frame, player@['27.156546', '0.000000']. FPS: 53.276505
[Game/render_thread] Rendering frame, player@['27.156546', '0.000000']. FPS: 53.197149
[Physics Thread] Player ticked. pos=27.33,0.00, yvel=0.00, TPS: 52.94
[Game/render_thread] Rendering frame, player@['27.326556', '0.000000']. FPS: 52.938062
[Physics Thread] Player ticked. pos=27.50,0.00, yvel=0.00, TPS: 53.07
[Game/render_thread] Rendering frame, player@['27.496143', '0.000000']. FPS: 56.973564
[Physics Thread] Player ticked. pos=27.68,0.00, yvel=0.00, TPS: 48.17
[Game/render_thread] Rendering frame, player@['27.682974', '0.000000']. FPS: 62.073246
[Physics Thread] Player ticked. pos=27.87,0.00, yvel=0.00, TPS: 47.95
[Game/render_thread] Rendering frame, player@['27.870678', '0.000000']. FPS: 52.960491
[Physics Thread] Player ticked. pos=28.04,0.00, yvel=0.00, TPS: 51.83
[Game/render_thread] Rendering frame, player@['28.044333', '0.000000']. FPS: 52.606660
[Physics Thread] Player ticked. pos=28.23,0.00, yvel=0.00, TPS: 47.90
[Game/render_thread] Rendering frame, player@['28.232208', '0.000000']. FPS: 53.129317
[Physics Thread] Player ticked. pos=28.42,0.00, yvel=0.00, TPS: 47.96
[Game/render_thread] Rendering frame, player@['28.419849', '0.000000']. FPS: 53.245301
[Physics Thread] Player ticked. pos=28.61,0.00, yvel=0.00, TPS: 47.97
[Game/render_thread] Rendering frame, player@['28.607481', '0.000000']. FPS: 52.762096
[Physics Thread] Player ticked. pos=28.79,0.00, yvel=0.00, TPS: 48.16
[Game/render_thread] Rendering frame, player@['28.794357', '0.000000']. FPS: 52.870889
[Physics Thread] Player ticked. pos=28.98,0.00, yvel=0.00, TPS: 47.95
[Game/render_thread] Rendering frame, player@['28.982043', '0.000000']. FPS: 54.579194
[Game/render_thread] Rendering frame, player@['28.982043', '0.000000']. FPS: 56.069526
[Physics Thread] Player ticked. pos=29.15,0.00, yvel=0.00, TPS: 55.12
[Game/render_thread] Rendering frame, player@['29.145330', '0.000000']. FPS: 56.869882
[Physics Thread] Player ticked. pos=29.33,0.00, yvel=0.00, TPS: 47.93
[Game/render_thread] Rendering frame, player@['29.333088', '0.000000']. FPS: 62.507813
[Physics Thread] Player ticked. pos=29.52,0.00, yvel=0.00, TPS: 47.96
[Game/render_thread] Rendering frame, player@['29.520738', '0.000000']. FPS: 57.746723
[Physics Thread] Player ticked. pos=29.71,0.00, yvel=0.00, TPS: 47.91
[Game/render_thread] Rendering frame, player@['29.708586', '0.000000']. FPS: 56.944365
[Physics Thread] Player ticked. pos=29.90,0.00, yvel=0.00, TPS: 47.89
[Game/render_thread] Rendering frame, player@['29.896506', '0.000000']. FPS: 56.487601
[Game/render_thread] Rendering frame, player@['29.896506', '0.000000']. FPS: 57.398691
[Physics Thread] Player ticked. pos=30.09,0.00, yvel=0.00, TPS: 47.45
[Game/render_thread] Rendering frame, player@['30.086181', '0.000000']. FPS: 73.426830
[Physics Thread] Player ticked. pos=30.27,0.00, yvel=0.00, TPS: 47.89
[Game/render_thread] Rendering frame, player@['30.274101', '0.000000']. FPS: 56.618729
[Physics Thread] Player ticked. pos=30.46,0.00, yvel=0.00, TPS: 47.90
[Game/render_thread] Rendering frame, player@['30.461985', '0.000000']. FPS: 57.286893
[Physics Thread] Player ticked. pos=30.65,0.00, yvel=0.00, TPS: 47.96
[Game/render_thread] Rendering frame, player@['30.649653', '0.000000']. FPS: 66.965780
[Game/render_thread] Rendering frame, player@['30.649653', '0.000000']. FPS: 57.474568
[Physics Thread] Player ticked. pos=30.84,0.00, yvel=0.00, TPS: 47.96
[Game/render_thread] Rendering frame, player@['30.837321', '0.000000']. FPS: 62.165859
[Physics Thread] Player ticked. pos=31.03,0.00, yvel=0.00, TPS: 47.95
[Game/render_thread] Rendering frame, player@['31.025016', '0.000000']. FPS: 58.383933
[Physics Thread] Player ticked. pos=31.21,0.00, yvel=0.00, TPS: 48.34
[Game/render_thread] Rendering frame, player@['31.211199', '0.000000']. FPS: 57.856978
[Physics Thread] Player ticked. pos=31.37,0.00, yvel=0.00, TPS: 58.47
Running collision effect for: Collision(with spike @x,y=40,0
Crashed into spike, spike x is 40, player x is 31.36511699999999
[Game/render_thread] Rendering frame, player@['31.365117', '0.000000']. FPS: 57.743388
[Game/render_thread] Rendering frame, player@['31.365117', '0.000000']. FPS: 71.813285
[Game/render_thread] Rendering frame, player@['31.365117', '0.000000']. FPS: 71.875225
[Game/render_thread] Rendering frame, player@['31.365117', '0.000000']. FPS: 71.957977
[Game/render_thread] Rendering frame, player@['31.365117', '0.000000']. FPS: 71.957977
[Game/render_thread] Rendering frame, player@['31.365117', '0.000000']. FPS: 71.890726
[Game/render_thread] Rendering frame, player@['31.365117', '0.000000']. FPS: 71.736011
[Game/render_thread] Rendering frame, player@['31.365117', '0.000000']. FPS: 71.849404
[Game/render_thread] Rendering frame, player@['31.365117', '0.000000']. FPS: 71.875225
[Game/render_thread] Rendering frame, player@['31.365117', '0.000000']. FPS: 71.870059
[Game/render_thread] Rendering frame, player@['31.365117', '0.000000']. FPS: 71.890726
[Game/render_thread] Rendering frame, player@['31.365117', '0.000000']. FPS: 79.853070
[Game/render_thread] Rendering frame, player@['31.365117', '0.000000']. FPS: 80.006401
[Game/render_thread] Rendering frame, player@['31.365117', '0.000000']. FPS: 79.929662
[Game/render_thread] Rendering frame, player@['31.365117', '0.000000']. FPS: 79.891348
[Game/render_thread] Rendering frame, player@['31.365117', '0.000000']. FPS: 80.366471
[Game/render_thread] Rendering frame, player@['31.365117', '0.000000']. FPS: 79.522863
[Game/render_thread] Rendering frame, player@['31.365117', '0.000000']. FPS: 80.032013
[Game/render_thread] Rendering frame, player@['31.365117', '0.000000']. FPS: 84.253096
[Game/render_thread] Rendering frame, player@['31.365117', '0.000000']. FPS: 71.336853
[Game/render_thread] Rendering frame, player@['31.365117', '0.000000']. FPS: 87.535014
[Game/render_thread] Rendering frame, player@['31.365117', '0.000000']. FPS: 84.853627
[Game/render_thread] Rendering frame, player@['31.365117', '0.000000']. FPS: 71.658904
[Game/render_thread] Rendering frame, player@['31.365117', '0.000000']. FPS: 71.736011
[Game/render_thread] Rendering frame, player@['31.365117', '0.000000']. FPS: 79.649542
[Game/render_thread] Rendering frame, player@['31.365117', '0.000000']. FPS: 71.720577
[Game/render_thread] Rendering frame, player@['31.365117', '0.000000']. FPS: 83.298626
[Game/render_thread] Rendering frame, player@['31.365117', '0.000000']. FPS: 71.741158
[Game/render_thread] Rendering frame, player@['31.365117', '0.000000']. FPS: 81.247969
[Game/render_thread] Rendering frame, player@['31.365117', '0.000000']. FPS: 71.607590
[Game/render_thread] Rendering frame, player@['31.365117', '0.000000']. FPS: 71.700007
[Game/render_thread] Rendering frame, player@['31.365117', '0.000000']. FPS: 71.741158
something_got_activated is False
[Game/render_thread] Rendering frame, player@['31.365117', '0.000000']. FPS: 71.761751
[Game/render_thread] Rendering frame, player@['31.365117', '0.000000']. FPS: 71.741158
[Game/render_thread] Rendering frame, player@['31.365117', '0.000000']. FPS: 71.766901
[Game/render_thread] Rendering frame, player@['31.365117', '0.000000']. FPS: 74.205996
[Game/render_thread] Rendering frame, player@['31.365117', '0.000000']. FPS: 79.063884
[Game/render_thread] Rendering frame, player@['31.365117', '0.000000']. FPS: 71.669175
crash_normal(): setting player pos back to [0, 0]
[Game/render_thread] Rendering frame, player@['0.000000', '0.000000']. FPS: 73.308408
[Physics Thread] Player ticked. pos=0.15,0.00, yvel=0.00, TPS: 59.10
[Game/render_thread] Rendering frame, player@['0.152289', '0.000000']. FPS: 36.693208
[Physics Thread] Player ticked. pos=0.34,0.00, yvel=0.00, TPS: 47.28
[Game/render_thread] Rendering frame, player@['0.342657', '0.000000']. FPS: 51.786639
[Physics Thread] Player ticked. pos=0.53,0.00, yvel=0.00, TPS: 47.92
[Game/render_thread] Rendering frame, player@['0.530460', '0.000000']. FPS: 54.127199
[Physics Thread] Player ticked. pos=0.70,0.00, yvel=0.00, TPS: 52.43
[Game/render_thread] Rendering frame, player@['0.702117', '0.000000']. FPS: 59.428300
[Physics Thread] Player ticked. pos=0.89,0.00, yvel=0.00, TPS: 47.95
[Game/render_thread] Rendering frame, player@['0.889812', '0.000000']. FPS: 60.179334
[Physics Thread] Player ticked. pos=1.08,0.00, yvel=0.00, TPS: 47.91
[Game/render_thread] Rendering frame, player@['1.077678', '0.000000']. FPS: 67.114094
[Game/render_thread] Rendering frame, player@['1.077678', '0.000000']. FPS: 59.815767
[Physics Thread] Player ticked. pos=1.27,0.00, yvel=0.00, TPS: 47.96
[Game/render_thread] Rendering frame, player@['1.265346', '0.000000']. FPS: 63.123343
[Physics Thread] Player ticked. pos=1.45,0.00, yvel=0.00, TPS: 47.91
[Game/render_thread] Rendering frame, player@['1.453185', '0.000000']. FPS: 60.002400
[Physics Thread] Player ticked. pos=1.64,0.00, yvel=0.00, TPS: 47.89
[Game/render_thread] Rendering frame, player@['1.641114', '0.000000']. FPS: 59.926889
[Game/render_thread] Rendering frame, player@['1.641114', '0.000000']. FPS: 60.230079
[Physics Thread] Player ticked. pos=1.82,0.00, yvel=0.00, TPS: 50.15
[Game/render_thread] Rendering frame, player@['1.820574', '0.000000']. FPS: 59.697928
[Physics Thread] Player ticked. pos=1.97,0.00, yvel=0.00, TPS: 59.52
[Game/render_thread] Rendering frame, player@['1.971792', '0.000000']. FPS: 59.605412
[Physics Thread] Player ticked. pos=2.16,0.00, yvel=0.00, TPS: 47.93
[Game/render_thread] Rendering frame, player@['2.159568', '0.000000']. FPS: 62.778580
[Physics Thread] Player ticked. pos=2.35,0.00, yvel=0.00, TPS: 47.92
[Game/render_thread] Rendering frame, player@['2.347398', '0.000000']. FPS: 60.103378
[Physics Thread] Player ticked. pos=2.53,0.00, yvel=0.00, TPS: 48.09
[Game/render_thread] Rendering frame, player@['2.534553', '0.000000']. FPS: 59.858733
[Game/render_thread] Rendering frame, player@['2.534553', '0.000000']. FPS: 59.168097
[Physics Thread] Player ticked. pos=2.72,0.00, yvel=0.00, TPS: 47.95
[Game/render_thread] Rendering frame, player@['2.722230', '0.000000']. FPS: 62.379140
[Physics Thread] Player ticked. pos=2.87,0.00, yvel=0.00, TPS: 59.85
[Game/render_thread] Rendering frame, player@['2.872602', '0.000000']. FPS: 59.637405
[Physics Thread] Player ticked. pos=3.06,0.00, yvel=0.00, TPS: 47.95
[Game/render_thread] Rendering frame, player@['3.060288', '0.000000']. FPS: 60.135907
[Physics Thread] Player ticked. pos=3.21,0.00, yvel=0.00, TPS: 59.63
[Game/render_thread] Rendering frame, player@['3.211218', '0.000000']. FPS: 59.066745
[Physics Thread] Player ticked. pos=3.38,0.00, yvel=0.00, TPS: 53.39
[Game/render_thread] Rendering frame, player@['3.379779', '0.000000']. FPS: 59.658752
[Physics Thread] Player ticked. pos=3.57,0.00, yvel=0.00, TPS: 47.96
[Game/render_thread] Rendering frame, player@['3.567429', '0.000000']. FPS: 60.150376
[Game/render_thread] Rendering frame, player@['3.567429', '0.000000']. FPS: 68.526006
[Physics Thread] Player ticked. pos=3.76,0.00, yvel=0.00, TPS: 47.97
[Game/render_thread] Rendering frame, player@['3.755043', '0.000000']. FPS: 62.972292
[Physics Thread] Player ticked. pos=3.94,0.00, yvel=0.00, TPS: 47.93
[Game/render_thread] Rendering frame, player@['3.942828', '0.000000']. FPS: 59.722886
[Physics Thread] Player ticked. pos=4.13,0.00, yvel=0.00, TPS: 47.92
[Game/render_thread] Rendering frame, player@['4.130640', '0.000000']. FPS: 59.680115
[Physics Thread] Player ticked. pos=4.32,0.00, yvel=0.00, TPS: 47.96
[Game/render_thread] Rendering frame, player@['4.318281', '0.000000']. FPS: 59.833662
[Game/render_thread] Rendering frame, player@['4.318281', '0.000000']. FPS: 59.280337
[Physics Thread] Player ticked. pos=4.49,0.00, yvel=0.00, TPS: 51.23
[Game/render_thread] Rendering frame, player@['4.493970', '0.000000']. FPS: 59.819346
[Physics Thread] Player ticked. pos=4.68,0.00, yvel=0.00, TPS: 47.95
[Game/render_thread] Rendering frame, player@['4.681665', '0.000000']. FPS: 63.263111
[Physics Thread] Player ticked. pos=4.87,0.00, yvel=0.00, TPS: 47.97
[Game/render_thread] Rendering frame, player@['4.869288', '0.000000']. FPS: 60.182956
[Physics Thread] Player ticked. pos=5.06,0.00, yvel=0.00, TPS: 47.93
[Game/render_thread] Rendering frame, player@['5.057073', '0.000000']. FPS: 59.084195
[Physics Thread] Player ticked. pos=5.23,0.00, yvel=0.00, TPS: 53.22
[Game/render_thread] Rendering frame, player@['5.226192', '0.000000']. FPS: 65.104167
[Game/render_thread] Rendering frame, player@['5.226192', '0.000000']. FPS: 60.172092
[Physics Thread] Player ticked. pos=5.41,0.00, yvel=0.00, TPS: 47.96
[Game/render_thread] Rendering frame, player@['5.413842', '0.000000']. FPS: 63.283129
[Physics Thread] Player ticked. pos=5.60,0.00, yvel=0.00, TPS: 47.93
[Game/render_thread] Rendering frame, player@['5.601600', '0.000000']. FPS: 59.537985
[Physics Thread] Player ticked. pos=5.78,0.00, yvel=0.00, TPS: 49.66
[Game/render_thread] Rendering frame, player@['5.782815', '0.000000']. FPS: 59.730020
[Game/render_thread] Rendering frame, player@['5.782815', '0.000000']. FPS: 60.368246
[Physics Thread] Player ticked. pos=5.97,0.00, yvel=0.00, TPS: 48.28
[Game/render_thread] Rendering frame, player@['5.969214', '0.000000']. FPS: 60.507049
[Physics Thread] Player ticked. pos=6.16,0.00, yvel=0.00, TPS: 47.93
[Game/render_thread] Rendering frame, player@['6.156981', '0.000000']. FPS: 62.258747
[Physics Thread] Player ticked. pos=6.34,0.00, yvel=0.00, TPS: 48.28
[Game/render_thread] Rendering frame, player@['6.343380', '0.000000']. FPS: 65.496463
[Physics Thread] Player ticked. pos=6.53,0.00, yvel=0.00, TPS: 47.96
[Game/render_thread] Rendering frame, player@['6.531048', '0.000000']. FPS: 60.237335
[Physics Thread] Player ticked. pos=6.68,0.00, yvel=0.00, TPS: 59.42
[Game/render_thread] Rendering frame, player@['6.682500', '0.000000']. FPS: 67.439978
[Game/render_thread] Rendering frame, player@['6.682500', '0.000000']. FPS: 60.433916
[Physics Thread] Player ticked. pos=6.87,0.00, yvel=0.00, TPS: 47.94
[Game/render_thread] Rendering frame, player@['6.870249', '0.000000']. FPS: 62.707719
[Physics Thread] Player ticked. pos=7.06,0.00, yvel=0.00, TPS: 47.90
[Game/render_thread] Rendering frame, player@['7.058133', '0.000000']. FPS: 60.532688
[Physics Thread] Player ticked. pos=7.25,0.00, yvel=0.00, TPS: 47.97
[Game/render_thread] Rendering frame, player@['7.245765', '0.000000']. FPS: 60.536352
[Game/render_thread] Rendering frame, player@['7.245765', '0.000000']. FPS: 59.991601
[Physics Thread] Player ticked. pos=7.42,0.00, yvel=0.00, TPS: 50.73
[Game/render_thread] Rendering frame, player@['7.423173', '0.000000']. FPS: 60.182956
[Physics Thread] Player ticked. pos=7.61,0.00, yvel=0.00, TPS: 47.95
[Game/render_thread] Rendering frame, player@['7.610886', '0.000000']. FPS: 71.870059
[Physics Thread] Player ticked. pos=7.80,0.00, yvel=0.00, TPS: 47.96
[Game/render_thread] Rendering frame, player@['7.798536', '0.000000']. FPS: 60.698027
[Physics Thread] Player ticked. pos=7.99,0.00, yvel=0.00, TPS: 47.93
[Game/render_thread] Rendering frame, player@['7.986294', '0.000000']. FPS: 60.646492
[Game/render_thread] Rendering frame, player@['7.986294', '0.000000']. FPS: 60.259114
[Physics Thread] Player ticked. pos=8.17,0.00, yvel=0.00, TPS: 47.89
[Game/render_thread] Rendering frame, player@['8.174241', '0.000000']. FPS: 62.668421
[Physics Thread] Player ticked. pos=8.36,0.00, yvel=0.00, TPS: 47.97
[Game/render_thread] Rendering frame, player@['8.361846', '0.000000']. FPS: 60.543682
[Physics Thread] Player ticked. pos=8.55,0.00, yvel=0.00, TPS: 47.95
[Game/render_thread] Rendering frame, player@['8.549523', '0.000000']. FPS: 60.801362
[Game/render_thread] Rendering frame, player@['8.549523', '0.000000']. FPS: 60.470460
[Physics Thread] Player ticked. pos=8.74,0.00, yvel=0.00, TPS: 47.45
[Game/render_thread] Rendering frame, player@['8.739198', '0.000000']. FPS: 62.449260
[Physics Thread] Player ticked. pos=8.93,0.00, yvel=0.00, TPS: 47.96
[Game/render_thread] Rendering frame, player@['8.926857', '0.000000']. FPS: 60.927314
[Physics Thread] Player ticked. pos=9.11,0.00, yvel=0.00, TPS: 47.90
[Game/render_thread] Rendering frame, player@['9.114759', '0.000000']. FPS: 60.983047
[Physics Thread] Player ticked. pos=9.30,0.00, yvel=0.00, TPS: 47.87
[Game/render_thread] Rendering frame, player@['9.302769', '0.000000']. FPS: 60.426612
[Game/render_thread] Rendering frame, player@['9.302769', '0.000000']. FPS: 60.827251
[Physics Thread] Player ticked. pos=9.49,0.00, yvel=0.00, TPS: 47.97
[Game/render_thread] Rendering frame, player@['9.490401', '0.000000']. FPS: 63.027858
[Physics Thread] Player ticked. pos=9.68,0.00, yvel=0.00, TPS: 47.96
[Game/render_thread] Rendering frame, player@['9.678051', '0.000000']. FPS: 61.083623
[Physics Thread] Player ticked. pos=9.87,0.00, yvel=0.00, TPS: 47.93
[Game/render_thread] Rendering frame, player@['9.865836', '0.000000']. FPS: 60.492408
[Physics Thread] Player ticked. pos=10.05,0.00, yvel=0.00, TPS: 47.92
[Game/render_thread] Rendering frame, player@['10.053666', '0.000000']. FPS: 61.165821
[Game/render_thread] Rendering frame, player@['10.053666', '0.000000']. FPS: 61.345930
[Physics Thread] Player ticked. pos=10.24,0.00, yvel=0.00, TPS: 47.95
[Game/render_thread] Rendering frame, player@['10.241352', '0.000000']. FPS: 63.135299
[Physics Thread] Player ticked. pos=10.43,0.00, yvel=0.00, TPS: 47.93
[Game/render_thread] Rendering frame, player@['10.429128', '0.000000']. FPS: 60.760724
[Physics Thread] Player ticked. pos=10.62,0.00, yvel=0.00, TPS: 47.92
[Game/render_thread] Rendering frame, player@['10.616949', '0.000000']. FPS: 61.576355
[Game/render_thread] Rendering frame, player@['10.616949', '0.000000']. FPS: 61.474150
[Physics Thread] Player ticked. pos=10.80,0.00, yvel=0.00, TPS: 48.49
[Game/render_thread] Rendering frame, player@['10.802547', '0.000000']. FPS: 62.770699
[Physics Thread] Player ticked. pos=10.99,0.00, yvel=0.00, TPS: 47.94
[Game/render_thread] Rendering frame, player@['10.990296', '0.000000']. FPS: 60.964458