[input] - self.style.get(left) is 5ch
ev.key is a selector: tab
[input] - self.style.get(left) is 5ch
^ Hovered is now <Element:Input id=None style={'position': 'relative', 'visible': True, 'color': 'black', 'placeholder_color': 'gray', 'cursor_bg_color': 'black', 'cursor_fg_color': 'white', 'bg_color': 'white', 'hovered_bg_color': (230, 230, 230), 'selected_bg_color': (190, 190, 210), 'bold': False, 'italic': False, 'underline': False, 'padding_top': 0, 'padding_right': 0, 'padding_bottom': 0, 'padding_left': 0, 'padding': 0, 'left': '5ch', 'right': None, 'width': '15ch', 'y': 0, 'text_align': 'left', 'hoverable': True, 'selectable': True}>
[input] - self.style.get(left) is 5ch
Input: non-special key 'd': curr text is now 
[input] - self.style.get(left) is 5ch
Input: non-special key 'f': curr text is now d
[input] - self.style.get(left) is 5ch
Input: non-special key 'd': curr text is now df
[input] - self.style.get(left) is 5ch
Input: non-special key 'd': curr text is now dfd
[input] - self.style.get(left) is 5ch
Input: non-special key 'e': curr text is now dfdd
[input] - self.style.get(left) is 5ch
Input: special key alt_l: curr_text is now dfdde, curs_pos is 5
[input] - self.style.get(left) is 5ch
Input: special key tab: curr_text is now dfdde, curs_pos is 5
[input] - self.style.get(left) is 5ch
ev.key is a selector: tab
[input] - self.style.get(left) is 5ch
[input] - self.style.get(left) is 5ch
^ Hovered is now <Element:Input id=None style={'position': 'relative', 'visible': True, 'color': 'black', 'placeholder_color': 'gray', 'cursor_bg_color': 'black', 'cursor_fg_color': 'white', 'bg_color': 'white', 'hovered_bg_color': (230, 230, 230), 'selected_bg_color': (190, 190, 210), 'bold': False, 'italic': False, 'underline': False, 'padding_top': 0, 'padding_right': 0, 'padding_bottom': 0, 'padding_left': 0, 'padding': 0, 'left': '5ch', 'right': None, 'width': '15ch', 'y': 0, 'text_align': 'left', 'hoverable': True, 'selectable': True}>
Input: special key left: curr_text is now dfdde, curs_pos is 4
[input] - self.style.get(left) is 5ch
ev.key is a selector: left
[input] - self.style.get(left) is 5ch
[input] - self.style.get(left) is 5ch
^ Hovered is now <Element:Input id=None style={'position': 'relative', 'visible': True, 'color': 'black', 'placeholder_color': 'gray', 'cursor_bg_color': 'black', 'cursor_fg_color': 'white', 'bg_color': 'white', 'hovered_bg_color': (230, 230, 230), 'selected_bg_color': (190, 190, 210), 'bold': False, 'italic': False, 'underline': False, 'padding_top': 0, 'padding_right': 0, 'padding_bottom': 0, 'padding_left': 0, 'padding': 0, 'left': '5ch', 'right': None, 'width': '15ch', 'y': 0, 'text_align': 'left', 'hoverable': True, 'selectable': True}>
Input: special key left: curr_text is now dfdde, curs_pos is 3
[input] - self.style.get(left) is 5ch
ev.key is a selector: left
[input] - self.style.get(left) is 5ch
[input] - self.style.get(left) is 5ch
^ Hovered is now <Element:Input id=None style={'position': 'relative', 'visible': True, 'color': 'black', 'placeholder_color': 'gray', 'cursor_bg_color': 'black', 'cursor_fg_color': 'white', 'bg_color': 'white', 'hovered_bg_color': (230, 230, 230), 'selected_bg_color': (190, 190, 210), 'bold': False, 'italic': False, 'underline': False, 'padding_top': 0, 'padding_right': 0, 'padding_bottom': 0, 'padding_left': 0, 'padding': 0, 'left': '5ch', 'right': None, 'width': '15ch', 'y': 0, 'text_align': 'left', 'hoverable': True, 'selectable': True}>
Input: special key left: curr_text is now dfdde, curs_pos is 2
[input] - self.style.get(left) is 5ch
ev.key is a selector: left
[input] - self.style.get(left) is 5ch
[input] - self.style.get(left) is 5ch
^ Hovered is now <Element:Input id=None style={'position': 'relative', 'visible': True, 'color': 'black', 'placeholder_color': 'gray', 'cursor_bg_color': 'black', 'cursor_fg_color': 'white', 'bg_color': 'white', 'hovered_bg_color': (230, 230, 230), 'selected_bg_color': (190, 190, 210), 'bold': False, 'italic': False, 'underline': False, 'padding_top': 0, 'padding_right': 0, 'padding_bottom': 0, 'padding_left': 0, 'padding': 0, 'left': '5ch', 'right': None, 'width': '15ch', 'y': 0, 'text_align': 'left', 'hoverable': True, 'selectable': True}>
Input: special key left: curr_text is now dfdde, curs_pos is 1
[input] - self.style.get(left) is 5ch
ev.key is a selector: left
[input] - self.style.get(left) is 5ch
[input] - self.style.get(left) is 5ch
^ Hovered is now <Element:Input id=None style={'position': 'relative', 'visible': True, 'color': 'black', 'placeholder_color': 'gray', 'cursor_bg_color': 'black', 'cursor_fg_color': 'white', 'bg_color': 'white', 'hovered_bg_color': (230, 230, 230), 'selected_bg_color': (190, 190, 210), 'bold': False, 'italic': False, 'underline': False, 'padding_top': 0, 'padding_right': 0, 'padding_bottom': 0, 'padding_left': 0, 'padding': 0, 'left': '5ch', 'right': None, 'width': '15ch', 'y': 0, 'text_align': 'left', 'hoverable': True, 'selectable': True}>
Input: special key right: curr_text is now dfdde, curs_pos is 2
[input] - self.style.get(left) is 5ch
ev.key is a selector: right
[input] - self.style.get(left) is 5ch
[input] - self.style.get(left) is 5ch
^ Hovered is now <Element:Input id=None style={'position': 'relative', 'visible': True, 'color': 'black', 'placeholder_color': 'gray', 'cursor_bg_color': 'black', 'cursor_fg_color': 'white', 'bg_color': 'white', 'hovered_bg_color': (230, 230, 230), 'selected_bg_color': (190, 190, 210), 'bold': False, 'italic': False, 'underline': False, 'padding_top': 0, 'padding_right': 0, 'padding_bottom': 0, 'padding_left': 0, 'padding': 0, 'left': '5ch', 'right': None, 'width': '15ch', 'y': 0, 'text_align': 'left', 'hoverable': True, 'selectable': True}>
Input: special key right: curr_text is now dfdde, curs_pos is 3
[input] - self.style.get(left) is 5ch
ev.key is a selector: right
[input] - self.style.get(left) is 5ch
[input] - self.style.get(left) is 5ch
^ Hovered is now <Element:Input id=None style={'position': 'relative', 'visible': True, 'color': 'black', 'placeholder_color': 'gray', 'cursor_bg_color': 'black', 'cursor_fg_color': 'white', 'bg_color': 'white', 'hovered_bg_color': (230, 230, 230), 'selected_bg_color': (190, 190, 210), 'bold': False, 'italic': False, 'underline': False, 'padding_top': 0, 'padding_right': 0, 'padding_bottom': 0, 'padding_left': 0, 'padding': 0, 'left': '5ch', 'right': None, 'width': '15ch', 'y': 0, 'text_align': 'left', 'hoverable': True, 'selectable': True}>
Input: special key right: curr_text is now dfdde, curs_pos is 4
[input] - self.style.get(left) is 5ch
ev.key is a selector: right
[input] - self.style.get(left) is 5ch
[input] - self.style.get(left) is 5ch
^ Hovered is now <Element:Input id=None style={'position': 'relative', 'visible': True, 'color': 'black', 'placeholder_color': 'gray', 'cursor_bg_color': 'black', 'cursor_fg_color': 'white', 'bg_color': 'white', 'hovered_bg_color': (230, 230, 230), 'selected_bg_color': (190, 190, 210), 'bold': False, 'italic': False, 'underline': False, 'padding_top': 0, 'padding_right': 0, 'padding_bottom': 0, 'padding_left': 0, 'padding': 0, 'left': '5ch', 'right': None, 'width': '15ch', 'y': 0, 'text_align': 'left', 'hoverable': True, 'selectable': True}>
Input: special key right: curr_text is now dfdde, curs_pos is 5
[input] - self.style.get(left) is 5ch
ev.key is a selector: right
[input] - self.style.get(left) is 5ch
[input] - self.style.get(left) is 5ch
^ Hovered is now <Element:Input id=None style={'position': 'relative', 'visible': True, 'color': 'black', 'placeholder_color': 'gray', 'cursor_bg_color': 'black', 'cursor_fg_color': 'white', 'bg_color': 'white', 'hovered_bg_color': (230, 230, 230), 'selected_bg_color': (190, 190, 210), 'bold': False, 'italic': False, 'underline': False, 'padding_top': 0, 'padding_right': 0, 'padding_bottom': 0, 'padding_left': 0, 'padding': 0, 'left': '5ch', 'right': None, 'width': '15ch', 'y': 0, 'text_align': 'left', 'hoverable': True, 'selectable': True}>
Input: special key left: curr_text is now dfdde, curs_pos is 4
[input] - self.style.get(left) is 5ch
ev.key is a selector: left
[input] - self.style.get(left) is 5ch
[input] - self.style.get(left) is 5ch
^ Hovered is now <Element:Input id=None style={'position': 'relative', 'visible': True, 'color': 'black', 'placeholder_color': 'gray', 'cursor_bg_color': 'black', 'cursor_fg_color': 'white', 'bg_color': 'white', 'hovered_bg_color': (230, 230, 230), 'selected_bg_color': (190, 190, 210), 'bold': False, 'italic': False, 'underline': False, 'padding_top': 0, 'padding_right': 0, 'padding_bottom': 0, 'padding_left': 0, 'padding': 0, 'left': '5ch', 'right': None, 'width': '15ch', 'y': 0, 'text_align': 'left', 'hoverable': True, 'selectable': True}>
Input: special key left: curr_text is now dfdde, curs_pos is 3
[input] - self.style.get(left) is 5ch
ev.key is a selector: left
[input] - self.style.get(left) is 5ch
[input] - self.style.get(left) is 5ch
^ Hovered is now <Element:Input id=None style={'position': 'relative', 'visible': True, 'color': 'black', 'placeholder_color': 'gray', 'cursor_bg_color': 'black', 'cursor_fg_color': 'white', 'bg_color': 'white', 'hovered_bg_color': (230, 230, 230), 'selected_bg_color': (190, 190, 210), 'bold': False, 'italic': False, 'underline': False, 'padding_top': 0, 'padding_right': 0, 'padding_bottom': 0, 'padding_left': 0, 'padding': 0, 'left': '5ch', 'right': None, 'width': '15ch', 'y': 0, 'text_align': 'left', 'hoverable': True, 'selectable': True}>
Input: special key left: curr_text is now dfdde, curs_pos is 2
[input] - self.style.get(left) is 5ch
ev.key is a selector: left
[input] - self.style.get(left) is 5ch
[input] - self.style.get(left) is 5ch
^ Hovered is now <Element:Input id=None style={'position': 'relative', 'visible': True, 'color': 'black', 'placeholder_color': 'gray', 'cursor_bg_color': 'black', 'cursor_fg_color': 'white', 'bg_color': 'white', 'hovered_bg_color': (230, 230, 230), 'selected_bg_color': (190, 190, 210), 'bold': False, 'italic': False, 'underline': False, 'padding_top': 0, 'padding_right': 0, 'padding_bottom': 0, 'padding_left': 0, 'padding': 0, 'left': '5ch', 'right': None, 'width': '15ch', 'y': 0, 'text_align': 'left', 'hoverable': True, 'selectable': True}>
Input: non-special key 's': curr text is now dfdde
[input] - self.style.get(left) is 5ch
Input: non-special key 'f': curr text is now dfsdde
[input] - self.style.get(left) is 5ch
Input: non-special key 'e': curr text is now dfsfdde
[input] - self.style.get(left) is 5ch
Input: special key delete: curr_text is now dfsfedde, curs_pos is 5
[input] - self.style.get(left) is 5ch
Input: special key delete: curr_text is now dfsfedde, curs_pos is 5
[input] - self.style.get(left) is 5ch
Input: special key left: curr_text is now dfsfedde, curs_pos is 4
[input] - self.style.get(left) is 5ch
ev.key is a selector: left
[input] - self.style.get(left) is 5ch
[input] - self.style.get(left) is 5ch
^ Hovered is now <Element:Input id=None style={'position': 'relative', 'visible': True, 'color': 'black', 'placeholder_color': 'gray', 'cursor_bg_color': 'black', 'cursor_fg_color': 'white', 'bg_color': 'white', 'hovered_bg_color': (230, 230, 230), 'selected_bg_color': (190, 190, 210), 'bold': False, 'italic': False, 'underline': False, 'padding_top': 0, 'padding_right': 0, 'padding_bottom': 0, 'padding_left': 0, 'padding': 0, 'left': '5ch', 'right': None, 'width': '15ch', 'y': 0, 'text_align': 'left', 'hoverable': True, 'selectable': True}>
Input: special key left: curr_text is now dfsfedde, curs_pos is 3
[input] - self.style.get(left) is 5ch
ev.key is a selector: left
[input] - self.style.get(left) is 5ch
[input] - self.style.get(left) is 5ch
^ Hovered is now <Element:Input id=None style={'position': 'relative', 'visible': True, 'color': 'black', 'placeholder_color': 'gray', 'cursor_bg_color': 'black', 'cursor_fg_color': 'white', 'bg_color': 'white', 'hovered_bg_color': (230, 230, 230), 'selected_bg_color': (190, 190, 210), 'bold': False, 'italic': False, 'underline': False, 'padding_top': 0, 'padding_right': 0, 'padding_bottom': 0, 'padding_left': 0, 'padding': 0, 'left': '5ch', 'right': None, 'width': '15ch', 'y': 0, 'text_align': 'left', 'hoverable': True, 'selectable': True}>
Input: special key left: curr_text is now dfsfedde, curs_pos is 2
[input] - self.style.get(left) is 5ch
ev.key is a selector: left
[input] - self.style.get(left) is 5ch
[input] - self.style.get(left) is 5ch
^ Hovered is now <Element:Input id=None style={'position': 'relative', 'visible': True, 'color': 'black', 'placeholder_color': 'gray', 'cursor_bg_color': 'black', 'cursor_fg_color': 'white', 'bg_color': 'white', 'hovered_bg_color': (230, 230, 230), 'selected_bg_color': (190, 190, 210), 'bold': False, 'italic': False, 'underline': False, 'padding_top': 0, 'padding_right': 0, 'padding_bottom': 0, 'padding_left': 0, 'padding': 0, 'left': '5ch', 'right': None, 'width': '15ch', 'y': 0, 'text_align': 'left', 'hoverable': True, 'selectable': True}>
Input: special key delete: curr_text is now dfsfedde, curs_pos is 2
[input] - self.style.get(left) is 5ch
Input: special key delete: curr_text is now dfsfedde, curs_pos is 2
[input] - self.style.get(left) is 5ch
Input: special key delete: curr_text is now dfsfedde, curs_pos is 2
[input] - self.style.get(left) is 5ch
Input: special key delete: curr_text is now dfsfedde, curs_pos is 2
[input] - self.style.get(left) is 5ch
Input: special key delete: curr_text is now dfsfedde, curs_pos is 2
[input] - self.style.get(left) is 5ch
Input: special key cmd: curr_text is now dfsfedde, curs_pos is 2
[input] - self.style.get(left) is 5ch
Input: non-special key 'a': curr text is now dfsfedde
[input] - self.style.get(left) is 5ch
Input: non-special key 'r': curr text is now dfasfedde
[input] - self.style.get(left) is 5ch
Input: non-special key 'c': curr text is now dfarsfedde
[input] - self.style.get(left) is 5ch
Input: non-special key 's': curr text is now dfarcsfedde
[input] - self.style.get(left) is 5ch
Input: non-special key 'i': curr text is now dfarcssfedde
[input] - self.style.get(left) is 5ch
Input: non-special key 'n': curr text is now dfarcsisfedde
[input] - self.style.get(left) is 5ch
Input: special key shift: curr_text is now dfarcsinsfedde, curs_pos is 8
[input] - self.style.get(left) is 5ch
Input: non-special key '(': curr text is now dfarcsinsfedde
[input] - self.style.get(left) is 5ch
Input: non-special key '3': curr text is now dfarcsin(sfedde
[input] - self.style.get(left) is 5ch
Input: non-special key '/': curr text is now dfarcsin(3sfedde
[input] - self.style.get(left) is 5ch
Input: non-special key '4': curr text is now dfarcsin(3/sfedde
[input] - self.style.get(left) is 5ch
Input: special key shift: curr_text is now dfarcsin(3/4sfedde, curs_pos is 12
[input] - self.style.get(left) is 5ch
Input: non-special key ')': curr text is now dfarcsin(3/4sfedde
[input] - self.style.get(left) is 5ch